{"/home/travis/build/npmtest/node-npmtest-assemble/test.js":{"path":"/home/travis/build/npmtest/node-npmtest-assemble/test.js","s":{"1":2,"2":2,"3":2,"4":2,"5":2,"6":2,"7":2,"8":1,"9":2,"10":2,"11":1,"12":1,"13":1,"14":1,"15":2,"16":2,"17":2,"18":2,"19":1,"20":1,"21":2,"22":2,"23":2,"24":1,"25":1,"26":1,"27":1,"28":1,"29":1,"30":1,"31":1,"32":1,"33":1,"34":1,"35":1,"36":1,"37":1,"38":1,"39":2,"40":2,"41":1,"42":2,"43":2,"44":1,"45":2,"46":2,"47":1,"48":2,"49":2,"50":1,"51":1,"52":1,"53":1,"54":1},"b":{"1":[2,1,1,1],"2":[1,1,1,1],"3":[1,1],"4":[1,1],"5":[1,1],"6":[1,1],"7":[1,1],"8":[1,1],"9":[1,1],"10":[1,1,1],"11":[1,1],"12":[1,1],"13":[1,1],"14":[1,1],"15":[1,1],"16":[1,1],"17":[1,1]},"f":{"1":2,"2":2,"3":2,"4":2,"5":2,"6":1,"7":1,"8":1,"9":2,"10":2,"11":2,"12":2,"13":1},"fnMap":{"1":{"name":"(anonymous_1)","line":12,"loc":{"start":{"line":12,"column":1},"end":{"line":12,"column":13}}},"2":{"name":"(anonymous_2)","line":19,"loc":{"start":{"line":19,"column":5},"end":{"line":19,"column":17}}},"3":{"name":"(anonymous_3)","line":23,"loc":{"start":{"line":23,"column":24},"end":{"line":23,"column":36}}},"4":{"name":"(anonymous_4)","line":61,"loc":{"start":{"line":61,"column":5},"end":{"line":61,"column":17}}},"5":{"name":"(anonymous_5)","line":82,"loc":{"start":{"line":82,"column":5},"end":{"line":82,"column":17}}},"6":{"name":"(anonymous_6)","line":91,"loc":{"start":{"line":91,"column":77},"end":{"line":94,"column":10}}},"7":{"name":"(anonymous_7)","line":112,"loc":{"start":{"line":112,"column":83},"end":{"line":115,"column":10}},"skip":true},"8":{"name":"(anonymous_8)","line":123,"loc":{"start":{"line":123,"column":77},"end":{"line":126,"column":10}},"skip":true},"9":{"name":"(anonymous_9)","line":139,"loc":{"start":{"line":139,"column":12},"end":{"line":139,"column":40}},"skip":true},"10":{"name":"(anonymous_10)","line":147,"loc":{"start":{"line":147,"column":77},"end":{"line":150,"column":10}},"skip":true},"11":{"name":"(anonymous_11)","line":158,"loc":{"start":{"line":158,"column":83},"end":{"line":161,"column":10}},"skip":true},"12":{"name":"(anonymous_12)","line":169,"loc":{"start":{"line":169,"column":79},"end":{"line":172,"column":10}},"skip":true},"13":{"name":"(anonymous_13)","line":180,"loc":{"start":{"line":180,"column":75},"end":{"line":183,"column":10}},"skip":true}},"statementMap":{"1":{"start":{"line":12,"column":0},"end":{"line":195,"column":5}},"2":{"start":{"line":14,"column":4},"end":{"line":14,"column":14}},"3":{"start":{"line":19,"column":4},"end":{"line":56,"column":9}},"4":{"start":{"line":21,"column":8},"end":{"line":21,"column":19}},"5":{"start":{"line":23,"column":8},"end":{"line":35,"column":13}},"6":{"start":{"line":24,"column":12},"end":{"line":34,"column":13}},"7":{"start":{"line":25,"column":16},"end":{"line":28,"column":30}},"8":{"start":{"line":30,"column":16},"end":{"line":33,"column":27}},"9":{"start":{"line":37,"column":8},"end":{"line":39,"column":21}},"10":{"start":{"line":40,"column":8},"end":{"line":53,"column":9}},"11":{"start":{"line":43,"column":12},"end":{"line":46,"column":14}},"12":{"start":{"line":47,"column":12},"end":{"line":47,"column":18}},"13":{"start":{"line":50,"column":12},"end":{"line":51,"column":46}},"14":{"start":{"line":52,"column":12},"end":{"line":52,"column":18}},"15":{"start":{"line":55,"column":8},"end":{"line":55,"column":35}},"16":{"start":{"line":61,"column":4},"end":{"line":63,"column":9}},"17":{"start":{"line":62,"column":8},"end":{"line":62,"column":15}},"18":{"start":{"line":64,"column":4},"end":{"line":77,"column":5}},"19":{"start":{"line":70,"column":8},"end":{"line":70,"column":14}},"20":{"start":{"line":76,"column":8},"end":{"line":76,"column":14}},"21":{"start":{"line":82,"column":4},"end":{"line":84,"column":9}},"22":{"start":{"line":83,"column":8},"end":{"line":83,"column":15}},"23":{"start":{"line":85,"column":4},"end":{"line":194,"column":5}},"24":{"start":{"line":91,"column":8},"end":{"line":99,"column":10}},"25":{"start":{"line":98,"column":12},"end":{"line":98,"column":35}},"26":{"start":{"line":102,"column":8},"end":{"line":104,"column":63}},"27":{"start":{"line":105,"column":8},"end":{"line":105,"column":14}},"28":{"start":{"line":112,"column":8},"end":{"line":121,"column":10},"skip":true},"29":{"start":{"line":119,"column":12},"end":{"line":119,"column":55},"skip":true},"30":{"start":{"line":120,"column":12},"end":{"line":120,"column":48},"skip":true},"31":{"start":{"line":123,"column":8},"end":{"line":136,"column":10},"skip":true},"32":{"start":{"line":130,"column":12},"end":{"line":130,"column":76},"skip":true},"33":{"start":{"line":131,"column":12},"end":{"line":131,"column":73},"skip":true},"34":{"start":{"line":132,"column":12},"end":{"line":132,"column":74},"skip":true},"35":{"start":{"line":133,"column":12},"end":{"line":133,"column":79},"skip":true},"36":{"start":{"line":134,"column":12},"end":{"line":134,"column":25},"skip":true},"37":{"start":{"line":135,"column":12},"end":{"line":135,"column":45},"skip":true},"38":{"start":{"line":138,"column":8},"end":{"line":145,"column":14},"skip":true},"39":{"start":{"line":143,"column":16},"end":{"line":143,"column":29},"skip":true},"40":{"start":{"line":144,"column":16},"end":{"line":144,"column":55},"skip":true},"41":{"start":{"line":147,"column":8},"end":{"line":156,"column":10},"skip":true},"42":{"start":{"line":154,"column":12},"end":{"line":154,"column":25},"skip":true},"43":{"start":{"line":155,"column":12},"end":{"line":155,"column":45},"skip":true},"44":{"start":{"line":158,"column":8},"end":{"line":167,"column":10},"skip":true},"45":{"start":{"line":165,"column":12},"end":{"line":165,"column":25},"skip":true},"46":{"start":{"line":166,"column":12},"end":{"line":166,"column":48},"skip":true},"47":{"start":{"line":169,"column":8},"end":{"line":178,"column":10},"skip":true},"48":{"start":{"line":176,"column":12},"end":{"line":176,"column":25},"skip":true},"49":{"start":{"line":177,"column":12},"end":{"line":177,"column":46},"skip":true},"50":{"start":{"line":180,"column":8},"end":{"line":189,"column":10},"skip":true},"51":{"start":{"line":187,"column":12},"end":{"line":187,"column":94},"skip":true},"52":{"start":{"line":188,"column":12},"end":{"line":188,"column":48},"skip":true},"53":{"start":{"line":192,"column":8},"end":{"line":192,"column":35},"skip":true},"54":{"start":{"line":193,"column":8},"end":{"line":193,"column":14},"skip":true}},"branchMap":{"1":{"line":25,"type":"binary-expr","locations":[{"start":{"line":25,"column":23},"end":{"line":25,"column":62}},{"start":{"line":26,"column":20},"end":{"line":26,"column":70}},{"start":{"line":27,"column":20},"end":{"line":27,"column":71}},{"start":{"line":28,"column":20},"end":{"line":28,"column":29}}]},"2":{"line":30,"type":"binary-expr","locations":[{"start":{"line":30,"column":23},"end":{"line":30,"column":37}},{"start":{"line":31,"column":20},"end":{"line":31,"column":61}},{"start":{"line":32,"column":20},"end":{"line":32,"column":70}},{"start":{"line":33,"column":20},"end":{"line":33,"column":26}}]},"3":{"line":37,"type":"cond-expr","locations":[{"start":{"line":38,"column":14},"end":{"line":38,"column":20}},{"start":{"line":39,"column":14},"end":{"line":39,"column":20}}]},"4":{"line":40,"type":"switch","locations":[{"start":{"line":42,"column":8},"end":{"line":47,"column":18}},{"start":{"line":49,"column":8},"end":{"line":52,"column":18}}]},"5":{"line":44,"type":"binary-expr","locations":[{"start":{"line":44,"column":16},"end":{"line":44,"column":44}},{"start":{"line":44,"column":48},"end":{"line":44,"column":66}}]},"6":{"line":50,"type":"binary-expr","locations":[{"start":{"line":50,"column":21},"end":{"line":50,"column":49}},{"start":{"line":50,"column":53},"end":{"line":50,"column":72}}]},"7":{"line":64,"type":"switch","locations":[{"start":{"line":69,"column":4},"end":{"line":70,"column":14}},{"start":{"line":75,"column":4},"end":{"line":76,"column":14}}]},"8":{"line":85,"type":"switch","locations":[{"start":{"line":90,"column":4},"end":{"line":105,"column":14}},{"start":{"line":111,"column":4},"end":{"line":193,"column":14},"skip":true}]},"9":{"line":91,"type":"binary-expr","locations":[{"start":{"line":91,"column":42},"end":{"line":91,"column":73}},{"start":{"line":91,"column":77},"end":{"line":99,"column":9}}]},"10":{"line":102,"type":"binary-expr","locations":[{"start":{"line":102,"column":18},"end":{"line":102,"column":32}},{"start":{"line":103,"column":12},"end":{"line":103,"column":53}},{"start":{"line":104,"column":12},"end":{"line":104,"column":61}}]},"11":{"line":112,"type":"binary-expr","locations":[{"start":{"line":112,"column":45},"end":{"line":112,"column":79},"skip":true},{"start":{"line":112,"column":83},"end":{"line":121,"column":9},"skip":true}]},"12":{"line":123,"type":"binary-expr","locations":[{"start":{"line":123,"column":42},"end":{"line":123,"column":73},"skip":true},{"start":{"line":123,"column":77},"end":{"line":136,"column":9},"skip":true}]},"13":{"line":138,"type":"binary-expr","locations":[{"start":{"line":138,"column":48},"end":{"line":138,"column":85},"skip":true},{"start":{"line":139,"column":12},"end":{"line":145,"column":13},"skip":true}]},"14":{"line":147,"type":"binary-expr","locations":[{"start":{"line":147,"column":42},"end":{"line":147,"column":73},"skip":true},{"start":{"line":147,"column":77},"end":{"line":156,"column":9},"skip":true}]},"15":{"line":158,"type":"binary-expr","locations":[{"start":{"line":158,"column":45},"end":{"line":158,"column":79},"skip":true},{"start":{"line":158,"column":83},"end":{"line":167,"column":9},"skip":true}]},"16":{"line":169,"type":"binary-expr","locations":[{"start":{"line":169,"column":43},"end":{"line":169,"column":75},"skip":true},{"start":{"line":169,"column":79},"end":{"line":178,"column":9},"skip":true}]},"17":{"line":180,"type":"binary-expr","locations":[{"start":{"line":180,"column":41},"end":{"line":180,"column":71},"skip":true},{"start":{"line":180,"column":75},"end":{"line":189,"column":9},"skip":true}]}},"code":["/* istanbul instrument in package npmtest_assemble */","/*jslint","    bitwise: true,","    browser: true,","    maxerr: 8,","    maxlen: 96,","    node: true,","    nomen: true,","    regexp: true,","    stupid: true","*/","(function () {","    'use strict';","    var local;","","","","    // run shared js-env code - pre-init","    (function () {","        // init local","        local = {};","        // init modeJs","        local.modeJs = (function () {","            try {","                return typeof navigator.userAgent === 'string' &&","                    typeof document.querySelector('body') === 'object' &&","                    typeof XMLHttpRequest.prototype.open === 'function' &&","                    'browser';","            } catch (errorCaughtBrowser) {","                return module.exports &&","                    typeof process.versions.node === 'string' &&","                    typeof require('http').createServer === 'function' &&","                    'node';","            }","        }());","        // init global","        local.global = local.modeJs === 'browser'","            ? window","            : global;","        switch (local.modeJs) {","        // re-init local from window.local","        case 'browser':","            local = local.global.utility2.objectSetDefault(","                local.global.utility2_rollup || local.global.local,","                local.global.utility2","            );","            break;","        // re-init local from example.js","        case 'node':","            local = (local.global.utility2_rollup || require('utility2'))","                .requireExampleJsFromReadme();","            break;","        }","        // export local","        local.global.local = local;","    }());","","","","    // run shared js-env code - function","    (function () {","        return;","    }());","    switch (local.modeJs) {","","","","    // run browser js-env code - function","    case 'browser':","        break;","","","","    // run node js-env code - function","    case 'node':","        break;","    }","","","","    // run shared js-env code - post-init","    (function () {","        return;","    }());","    switch (local.modeJs) {","","","","    // run browser js-env code - post-init","    case 'browser':","        local.testCase_browser_nullCase = local.testCase_browser_nullCase || function (","            options,","            onError","        ) {","        /*","         * this function will test browsers's null-case handling-behavior-behavior","         */","            onError(null, options);","        };","","        // run tests","        local.nop(local.modeTest &&","            document.querySelector('#testRunButton1') &&","            document.querySelector('#testRunButton1').click());","        break;","","","","    // run node js-env code - post-init","    /* istanbul ignore next */","    case 'node':","        local.testCase_buildApidoc_default = local.testCase_buildApidoc_default || function (","            options,","            onError","        ) {","        /*","         * this function will test buildApidoc's default handling-behavior-behavior","         */","            options = { modulePathList: module.paths };","            local.buildApidoc(options, onError);","        };","","        local.testCase_buildApp_default = local.testCase_buildApp_default || function (","            options,","            onError","        ) {","        /*","         * this function will test buildApp's default handling-behavior-behavior","         */","            local.testCase_buildReadme_default(options, local.onErrorThrow);","            local.testCase_buildLib_default(options, local.onErrorThrow);","            local.testCase_buildTest_default(options, local.onErrorThrow);","            local.testCase_buildCustomOrg_default(options, local.onErrorThrow);","            options = [];","            local.buildApp(options, onError);","        };","","        local.testCase_buildCustomOrg_default = local.testCase_buildCustomOrg_default ||","            function (options, onError) {","            /*","             * this function will test buildCustomOrg's default handling-behavior","             */","                options = {};","                local.buildCustomOrg(options, onError);","            };","","        local.testCase_buildLib_default = local.testCase_buildLib_default || function (","            options,","            onError","        ) {","        /*","         * this function will test buildLib's default handling-behavior","         */","            options = {};","            local.buildLib(options, onError);","        };","","        local.testCase_buildReadme_default = local.testCase_buildReadme_default || function (","            options,","            onError","        ) {","        /*","         * this function will test buildReadme's default handling-behavior-behavior","         */","            options = {};","            local.buildReadme(options, onError);","        };","","        local.testCase_buildTest_default = local.testCase_buildTest_default || function (","            options,","            onError","        ) {","        /*","         * this function will test buildTest's default handling-behavior","         */","            options = {};","            local.buildTest(options, onError);","        };","","        local.testCase_webpage_default = local.testCase_webpage_default || function (","            options,","            onError","        ) {","        /*","         * this function will test webpage's default handling-behavior","         */","            options = { modeCoverageMerge: true, url: local.serverLocalHost + '?modeTest=1' };","            local.browserTest(options, onError);","        };","","        // run test-server","        local.testRunServer(local);","        break;","    }","}());",""],"l":{"12":2,"14":2,"19":2,"21":2,"23":2,"24":2,"25":2,"30":1,"37":2,"40":2,"43":1,"47":1,"50":1,"52":1,"55":2,"61":2,"62":2,"64":2,"70":1,"76":1,"82":2,"83":2,"85":2,"91":1,"98":1,"102":1,"105":1,"112":1,"119":1,"120":1,"123":1,"130":1,"131":1,"132":1,"133":1,"134":1,"135":1,"138":1,"143":2,"144":2,"147":1,"154":2,"155":2,"158":1,"165":2,"166":2,"169":1,"176":2,"177":2,"180":1,"187":1,"188":1,"192":1,"193":1}},"/home/travis/build/npmtest/node-npmtest-assemble/lib.npmtest_assemble.js":{"path":"/home/travis/build/npmtest/node-npmtest-assemble/lib.npmtest_assemble.js","s":{"1":2,"2":2,"3":2,"4":2,"5":2,"6":2,"7":2,"8":1,"9":2,"10":2,"11":2,"12":2,"13":1,"14":1,"15":1,"16":1},"b":{"1":[2,1,1,1],"2":[1,1,1,1],"3":[1,1],"4":[2,2],"5":[1,1]},"f":{"1":2,"2":2,"3":2},"fnMap":{"1":{"name":"(anonymous_1)","line":12,"loc":{"start":{"line":12,"column":1},"end":{"line":12,"column":13}}},"2":{"name":"(anonymous_2)","line":19,"loc":{"start":{"line":19,"column":5},"end":{"line":19,"column":17}}},"3":{"name":"(anonymous_3)","line":23,"loc":{"start":{"line":23,"column":24},"end":{"line":23,"column":36}}}},"statementMap":{"1":{"start":{"line":12,"column":0},"end":{"line":53,"column":5}},"2":{"start":{"line":14,"column":4},"end":{"line":14,"column":14}},"3":{"start":{"line":19,"column":4},"end":{"line":52,"column":9}},"4":{"start":{"line":21,"column":8},"end":{"line":21,"column":19}},"5":{"start":{"line":23,"column":8},"end":{"line":35,"column":13}},"6":{"start":{"line":24,"column":12},"end":{"line":34,"column":13}},"7":{"start":{"line":25,"column":16},"end":{"line":28,"column":30}},"8":{"start":{"line":30,"column":16},"end":{"line":33,"column":27}},"9":{"start":{"line":37,"column":8},"end":{"line":39,"column":21}},"10":{"start":{"line":41,"column":8},"end":{"line":41,"column":54}},"11":{"start":{"line":43,"column":8},"end":{"line":43,"column":53}},"12":{"start":{"line":45,"column":8},"end":{"line":51,"column":9}},"13":{"start":{"line":46,"column":12},"end":{"line":46,"column":59}},"14":{"start":{"line":48,"column":12},"end":{"line":48,"column":35}},"15":{"start":{"line":49,"column":12},"end":{"line":49,"column":49}},"16":{"start":{"line":50,"column":12},"end":{"line":50,"column":43}}},"branchMap":{"1":{"line":25,"type":"binary-expr","locations":[{"start":{"line":25,"column":23},"end":{"line":25,"column":62}},{"start":{"line":26,"column":20},"end":{"line":26,"column":70}},{"start":{"line":27,"column":20},"end":{"line":27,"column":71}},{"start":{"line":28,"column":20},"end":{"line":28,"column":29}}]},"2":{"line":30,"type":"binary-expr","locations":[{"start":{"line":30,"column":23},"end":{"line":30,"column":37}},{"start":{"line":31,"column":20},"end":{"line":31,"column":61}},{"start":{"line":32,"column":20},"end":{"line":32,"column":70}},{"start":{"line":33,"column":20},"end":{"line":33,"column":26}}]},"3":{"line":37,"type":"cond-expr","locations":[{"start":{"line":38,"column":14},"end":{"line":38,"column":20}},{"start":{"line":39,"column":14},"end":{"line":39,"column":20}}]},"4":{"line":41,"type":"binary-expr","locations":[{"start":{"line":41,"column":16},"end":{"line":41,"column":44}},{"start":{"line":41,"column":48},"end":{"line":41,"column":53}}]},"5":{"line":45,"type":"if","locations":[{"start":{"line":45,"column":8},"end":{"line":45,"column":8}},{"start":{"line":45,"column":8},"end":{"line":45,"column":8}}]}},"code":["/* istanbul instrument in package npmtest_assemble */","/*jslint","    bitwise: true,","    browser: true,","    maxerr: 8,","    maxlen: 96,","    node: true,","    nomen: true,","    regexp: true,","    stupid: true","*/","(function () {","    'use strict';","    var local;","","","","    // run shared js-env code - pre-init","    (function () {","        // init local","        local = {};","        // init modeJs","        local.modeJs = (function () {","            try {","                return typeof navigator.userAgent === 'string' &&","                    typeof document.querySelector('body') === 'object' &&","                    typeof XMLHttpRequest.prototype.open === 'function' &&","                    'browser';","            } catch (errorCaughtBrowser) {","                return module.exports &&","                    typeof process.versions.node === 'string' &&","                    typeof require('http').createServer === 'function' &&","                    'node';","            }","        }());","        // init global","        local.global = local.modeJs === 'browser'","            ? window","            : global;","        // init utility2_rollup","        local = local.global.utility2_rollup || local;","        // init lib","        local.local = local.npmtest_assemble = local;","        // init exports","        if (local.modeJs === 'browser') {","            local.global.utility2_npmtest_assemble = local;","        } else {","            module.exports = local;","            module.exports.__dirname = __dirname;","            module.exports.module = module;","        }","    }());","}());",""],"l":{"12":2,"14":2,"19":2,"21":2,"23":2,"24":2,"25":2,"30":1,"37":2,"41":2,"43":2,"45":2,"46":1,"48":1,"49":1,"50":1}},"/home/travis/build/npmtest/node-npmtest-assemble/example.js":{"path":"/home/travis/build/npmtest/node-npmtest-assemble/example.js","s":{"1":2,"2":2,"3":2,"4":2,"5":2,"6":2,"7":2,"8":1,"9":2,"10":2,"11":2,"12":2,"13":1,"14":2,"15":2,"16":2,"17":2,"18":2,"19":0,"20":2,"21":1,"22":1,"23":1,"24":1,"25":1,"26":0,"27":0,"28":1,"29":1,"30":2,"31":0,"32":0,"33":0,"34":1,"35":2,"36":2,"37":3,"38":3,"39":3,"40":3,"41":0,"42":3,"43":3,"44":3,"45":1,"46":3,"47":1,"48":1,"49":1,"50":1,"51":1,"52":1,"53":1,"54":1,"55":1,"56":1,"57":0,"58":1,"59":6,"60":6,"61":1,"62":2,"63":0,"64":2,"65":1,"66":1,"67":0,"68":0,"69":0,"70":0,"71":0,"72":0,"73":0,"74":0,"75":0,"76":0,"77":0,"78":0,"79":0,"80":0,"81":0,"82":0,"83":0},"b":{"1":[2,1,1,1],"2":[1,1,1,1],"3":[1,1],"4":[2,2],"5":[1,1],"6":[1,1],"7":[2,0],"8":[2,1,1,1,1,1],"9":[0,2,0],"10":[1,1],"11":[2,1,1],"12":[1,0],"13":[0,2],"14":[2,0,0,0,0,0,0],"15":[0,3],"16":[3,0],"17":[1,1],"18":[0,1],"19":[1,2,0,2],"20":[1,0],"21":[1,1],"22":[0,0],"23":[0,0],"24":[0,0],"25":[0,0],"26":[0,0],"27":[0,0],"28":[0,0]},"f":{"1":2,"2":2,"3":2,"4":2,"5":2,"6":2,"7":3,"8":3,"9":3,"10":1,"11":6,"12":0},"fnMap":{"1":{"name":"(anonymous_1)","line":26,"loc":{"start":{"line":26,"column":1},"end":{"line":26,"column":13}}},"2":{"name":"(anonymous_2)","line":33,"loc":{"start":{"line":33,"column":5},"end":{"line":33,"column":17}}},"3":{"name":"(anonymous_3)","line":37,"loc":{"start":{"line":37,"column":24},"end":{"line":37,"column":36}}},"4":{"name":"(anonymous_4)","line":69,"loc":{"start":{"line":69,"column":31},"end":{"line":69,"column":48}},"skip":true},"5":{"name":"(anonymous_5)","line":78,"loc":{"start":{"line":78,"column":26},"end":{"line":78,"column":45}},"skip":true},"6":{"name":"(anonymous_6)","line":123,"loc":{"start":{"line":123,"column":33},"end":{"line":123,"column":48}},"skip":true},"7":{"name":"(anonymous_7)","line":125,"loc":{"start":{"line":125,"column":27},"end":{"line":125,"column":39}},"skip":true},"8":{"name":"(anonymous_8)","line":133,"loc":{"start":{"line":133,"column":59},"end":{"line":133,"column":74}},"skip":true},"9":{"name":"(anonymous_9)","line":143,"loc":{"start":{"line":143,"column":45},"end":{"line":143,"column":62}},"skip":true},"10":{"name":"(anonymous_10)","line":144,"loc":{"start":{"line":144,"column":73},"end":{"line":144,"column":92}},"skip":true},"11":{"name":"(anonymous_11)","line":272,"loc":{"start":{"line":272,"column":51},"end":{"line":272,"column":77}},"skip":true},"12":{"name":"(anonymous_12)","line":315,"loc":{"start":{"line":315,"column":32},"end":{"line":315,"column":61}},"skip":true}},"statementMap":{"1":{"start":{"line":26,"column":0},"end":{"line":326,"column":5}},"2":{"start":{"line":28,"column":4},"end":{"line":28,"column":14}},"3":{"start":{"line":33,"column":4},"end":{"line":60,"column":9}},"4":{"start":{"line":35,"column":8},"end":{"line":35,"column":19}},"5":{"start":{"line":37,"column":8},"end":{"line":49,"column":13}},"6":{"start":{"line":38,"column":12},"end":{"line":48,"column":13}},"7":{"start":{"line":39,"column":16},"end":{"line":42,"column":30}},"8":{"start":{"line":44,"column":16},"end":{"line":47,"column":27}},"9":{"start":{"line":51,"column":8},"end":{"line":53,"column":21}},"10":{"start":{"line":55,"column":8},"end":{"line":57,"column":45}},"11":{"start":{"line":59,"column":8},"end":{"line":59,"column":35}},"12":{"start":{"line":61,"column":4},"end":{"line":325,"column":5}},"13":{"start":{"line":69,"column":8},"end":{"line":121,"column":10},"skip":true},"14":{"start":{"line":70,"column":12},"end":{"line":88,"column":13},"skip":true},"15":{"start":{"line":76,"column":16},"end":{"line":87,"column":19},"skip":true},"16":{"start":{"line":79,"column":20},"end":{"line":86,"column":21},"skip":true},"17":{"start":{"line":82,"column":24},"end":{"line":82,"column":43},"skip":true},"18":{"start":{"line":83,"column":24},"end":{"line":83,"column":30},"skip":true},"19":{"start":{"line":85,"column":24},"end":{"line":85,"column":49},"skip":true},"20":{"start":{"line":89,"column":12},"end":{"line":107,"column":13},"skip":true},"21":{"start":{"line":92,"column":16},"end":{"line":102,"column":17},"skip":true},"22":{"start":{"line":93,"column":20},"end":{"line":93,"column":86},"skip":true},"23":{"start":{"line":94,"column":20},"end":{"line":95,"column":45},"skip":true},"24":{"start":{"line":96,"column":20},"end":{"line":96,"column":42},"skip":true},"25":{"start":{"line":97,"column":20},"end":{"line":97,"column":48},"skip":true},"26":{"start":{"line":100,"column":20},"end":{"line":100,"column":85},"skip":true},"27":{"start":{"line":101,"column":20},"end":{"line":101,"column":96},"skip":true},"28":{"start":{"line":103,"column":16},"end":{"line":103,"column":22},"skip":true},"29":{"start":{"line":106,"column":16},"end":{"line":106,"column":22},"skip":true},"30":{"start":{"line":108,"column":12},"end":{"line":120,"column":13},"skip":true},"31":{"start":{"line":114,"column":16},"end":{"line":119,"column":17},"skip":true},"32":{"start":{"line":116,"column":20},"end":{"line":116,"column":78},"skip":true},"33":{"start":{"line":118,"column":20},"end":{"line":118,"column":47},"skip":true},"34":{"start":{"line":123,"column":8},"end":{"line":141,"column":11},"skip":true},"35":{"start":{"line":124,"column":12},"end":{"line":124,"column":54},"skip":true},"36":{"start":{"line":125,"column":12},"end":{"line":140,"column":14},"skip":true},"37":{"start":{"line":126,"column":16},"end":{"line":126,"column":28},"skip":true},"38":{"start":{"line":127,"column":16},"end":{"line":127,"column":69},"skip":true},"39":{"start":{"line":128,"column":16},"end":{"line":128,"column":75},"skip":true},"40":{"start":{"line":129,"column":16},"end":{"line":131,"column":17},"skip":true},"41":{"start":{"line":130,"column":20},"end":{"line":130,"column":27},"skip":true},"42":{"start":{"line":133,"column":16},"end":{"line":137,"column":36},"skip":true},"43":{"start":{"line":134,"column":20},"end":{"line":136,"column":55},"skip":true},"44":{"start":{"line":139,"column":16},"end":{"line":139,"column":57},"skip":true},"45":{"start":{"line":143,"column":8},"end":{"line":147,"column":11},"skip":true},"46":{"start":{"line":144,"column":12},"end":{"line":146,"column":15},"skip":true},"47":{"start":{"line":145,"column":16},"end":{"line":145,"column":70},"skip":true},"48":{"start":{"line":149,"column":8},"end":{"line":149,"column":31},"skip":true},"49":{"start":{"line":150,"column":8},"end":{"line":150,"column":14},"skip":true},"50":{"start":{"line":158,"column":8},"end":{"line":158,"column":31},"skip":true},"51":{"start":{"line":160,"column":8},"end":{"line":160,"column":33},"skip":true},"52":{"start":{"line":161,"column":8},"end":{"line":161,"column":37},"skip":true},"53":{"start":{"line":162,"column":8},"end":{"line":162,"column":35},"skip":true},"54":{"start":{"line":164,"column":8},"end":{"line":164,"column":50},"skip":true},"55":{"start":{"line":166,"column":8},"end":{"line":256,"column":2},"skip":true},"56":{"start":{"line":258,"column":8},"end":{"line":286,"column":9},"skip":true},"57":{"start":{"line":259,"column":12},"end":{"line":269,"column":14},"skip":true},"58":{"start":{"line":271,"column":12},"end":{"line":285,"column":19},"skip":true},"59":{"start":{"line":274,"column":20},"end":{"line":274,"column":35},"skip":true},"60":{"start":{"line":275,"column":20},"end":{"line":284,"column":21},"skip":true},"61":{"start":{"line":277,"column":24},"end":{"line":277,"column":64},"skip":true},"62":{"start":{"line":279,"column":24},"end":{"line":279,"column":40},"skip":true},"63":{"start":{"line":281,"column":24},"end":{"line":281,"column":40},"skip":true},"64":{"start":{"line":283,"column":24},"end":{"line":283,"column":39},"skip":true},"65":{"start":{"line":288,"column":8},"end":{"line":290,"column":9},"skip":true},"66":{"start":{"line":289,"column":12},"end":{"line":289,"column":18},"skip":true},"67":{"start":{"line":291,"column":8},"end":{"line":293,"column":54},"skip":true},"68":{"start":{"line":296,"column":8},"end":{"line":301,"column":37},"skip":true},"69":{"start":{"line":303,"column":8},"end":{"line":303,"column":82},"skip":true},"70":{"start":{"line":306,"column":8},"end":{"line":308,"column":9},"skip":true},"71":{"start":{"line":307,"column":12},"end":{"line":307,"column":82},"skip":true},"72":{"start":{"line":310,"column":8},"end":{"line":312,"column":9},"skip":true},"73":{"start":{"line":311,"column":12},"end":{"line":311,"column":18},"skip":true},"74":{"start":{"line":313,"column":8},"end":{"line":313,"column":54},"skip":true},"75":{"start":{"line":314,"column":8},"end":{"line":314,"column":69},"skip":true},"76":{"start":{"line":315,"column":8},"end":{"line":323,"column":36},"skip":true},"77":{"start":{"line":316,"column":12},"end":{"line":316,"column":61},"skip":true},"78":{"start":{"line":317,"column":12},"end":{"line":320,"column":13},"skip":true},"79":{"start":{"line":318,"column":16},"end":{"line":318,"column":75},"skip":true},"80":{"start":{"line":319,"column":16},"end":{"line":319,"column":23},"skip":true},"81":{"start":{"line":321,"column":12},"end":{"line":321,"column":38},"skip":true},"82":{"start":{"line":322,"column":12},"end":{"line":322,"column":27},"skip":true},"83":{"start":{"line":324,"column":8},"end":{"line":324,"column":14},"skip":true}},"branchMap":{"1":{"line":39,"type":"binary-expr","locations":[{"start":{"line":39,"column":23},"end":{"line":39,"column":62}},{"start":{"line":40,"column":20},"end":{"line":40,"column":70}},{"start":{"line":41,"column":20},"end":{"line":41,"column":71}},{"start":{"line":42,"column":20},"end":{"line":42,"column":29}}]},"2":{"line":44,"type":"binary-expr","locations":[{"start":{"line":44,"column":23},"end":{"line":44,"column":37}},{"start":{"line":45,"column":20},"end":{"line":45,"column":61}},{"start":{"line":46,"column":20},"end":{"line":46,"column":70}},{"start":{"line":47,"column":20},"end":{"line":47,"column":26}}]},"3":{"line":51,"type":"cond-expr","locations":[{"start":{"line":52,"column":14},"end":{"line":52,"column":20}},{"start":{"line":53,"column":14},"end":{"line":53,"column":20}}]},"4":{"line":55,"type":"binary-expr","locations":[{"start":{"line":55,"column":16},"end":{"line":55,"column":44}},{"start":{"line":55,"column":49},"end":{"line":57,"column":43}}]},"5":{"line":55,"type":"cond-expr","locations":[{"start":{"line":56,"column":14},"end":{"line":56,"column":52}},{"start":{"line":57,"column":14},"end":{"line":57,"column":43}}]},"6":{"line":61,"type":"switch","locations":[{"start":{"line":68,"column":4},"end":{"line":150,"column":14},"skip":true},{"start":{"line":156,"column":4},"end":{"line":324,"column":14},"skip":true}]},"7":{"line":70,"type":"if","locations":[{"start":{"line":70,"column":12},"end":{"line":70,"column":12},"skip":true},{"start":{"line":70,"column":12},"end":{"line":70,"column":12},"skip":true}]},"8":{"line":70,"type":"binary-expr","locations":[{"start":{"line":70,"column":16},"end":{"line":70,"column":22},"skip":true},{"start":{"line":70,"column":27},"end":{"line":70,"column":32},"skip":true},{"start":{"line":71,"column":20},"end":{"line":71,"column":39},"skip":true},{"start":{"line":72,"column":20},"end":{"line":72,"column":49},"skip":true},{"start":{"line":73,"column":20},"end":{"line":73,"column":58},"skip":true},{"start":{"line":74,"column":20},"end":{"line":74,"column":69},"skip":true}]},"9":{"line":79,"type":"switch","locations":[{"start":{"line":80,"column":20},"end":{"line":80,"column":33},"skip":true},{"start":{"line":81,"column":20},"end":{"line":83,"column":30},"skip":true},{"start":{"line":84,"column":20},"end":{"line":85,"column":49},"skip":true}]},"10":{"line":89,"type":"switch","locations":[{"start":{"line":90,"column":12},"end":{"line":103,"column":22},"skip":true},{"start":{"line":105,"column":12},"end":{"line":106,"column":22},"skip":true}]},"11":{"line":89,"type":"binary-expr","locations":[{"start":{"line":89,"column":20},"end":{"line":89,"column":25},"skip":true},{"start":{"line":89,"column":29},"end":{"line":89,"column":48},"skip":true},{"start":{"line":89,"column":52},"end":{"line":89,"column":74},"skip":true}]},"12":{"line":92,"type":"if","locations":[{"start":{"line":92,"column":16},"end":{"line":92,"column":16},"skip":true},{"start":{"line":92,"column":16},"end":{"line":92,"column":16},"skip":true}]},"13":{"line":108,"type":"if","locations":[{"start":{"line":108,"column":12},"end":{"line":108,"column":12},"skip":true},{"start":{"line":108,"column":12},"end":{"line":108,"column":12},"skip":true}]},"14":{"line":108,"type":"binary-expr","locations":[{"start":{"line":108,"column":16},"end":{"line":108,"column":61},"skip":true},{"start":{"line":108,"column":66},"end":{"line":108,"column":72},"skip":true},{"start":{"line":108,"column":77},"end":{"line":108,"column":82},"skip":true},{"start":{"line":109,"column":20},"end":{"line":109,"column":39},"skip":true},{"start":{"line":110,"column":20},"end":{"line":110,"column":49},"skip":true},{"start":{"line":111,"column":20},"end":{"line":111,"column":58},"skip":true},{"start":{"line":112,"column":20},"end":{"line":112,"column":68},"skip":true}]},"15":{"line":129,"type":"if","locations":[{"start":{"line":129,"column":16},"end":{"line":129,"column":16},"skip":true},{"start":{"line":129,"column":16},"end":{"line":129,"column":16},"skip":true}]},"16":{"line":134,"type":"cond-expr","locations":[{"start":{"line":135,"column":26},"end":{"line":135,"column":29},"skip":true},{"start":{"line":136,"column":26},"end":{"line":136,"column":54},"skip":true}]},"17":{"line":164,"type":"binary-expr","locations":[{"start":{"line":164,"column":27},"end":{"line":164,"column":43},"skip":true},{"start":{"line":164,"column":47},"end":{"line":164,"column":49},"skip":true}]},"18":{"line":258,"type":"if","locations":[{"start":{"line":258,"column":8},"end":{"line":258,"column":8},"skip":true},{"start":{"line":258,"column":8},"end":{"line":258,"column":8},"skip":true}]},"19":{"line":275,"type":"switch","locations":[{"start":{"line":276,"column":20},"end":{"line":277,"column":64},"skip":true},{"start":{"line":278,"column":20},"end":{"line":279,"column":40},"skip":true},{"start":{"line":280,"column":20},"end":{"line":281,"column":40},"skip":true},{"start":{"line":282,"column":20},"end":{"line":283,"column":39},"skip":true}]},"20":{"line":288,"type":"if","locations":[{"start":{"line":288,"column":8},"end":{"line":288,"column":8},"skip":true},{"start":{"line":288,"column":8},"end":{"line":288,"column":8},"skip":true}]},"21":{"line":288,"type":"binary-expr","locations":[{"start":{"line":288,"column":12},"end":{"line":288,"column":40},"skip":true},{"start":{"line":288,"column":44},"end":{"line":288,"column":67},"skip":true}]},"22":{"line":292,"type":"binary-expr","locations":[{"start":{"line":292,"column":12},"end":{"line":292,"column":50},"skip":true},{"start":{"line":293,"column":12},"end":{"line":293,"column":53},"skip":true}]},"23":{"line":297,"type":"binary-expr","locations":[{"start":{"line":297,"column":12},"end":{"line":297,"column":66},"skip":true},{"start":{"line":298,"column":12},"end":{"line":301,"column":36},"skip":true}]},"24":{"line":303,"type":"binary-expr","locations":[{"start":{"line":303,"column":43},"end":{"line":303,"column":75},"skip":true},{"start":{"line":303,"column":79},"end":{"line":303,"column":81},"skip":true}]},"25":{"line":306,"type":"if","locations":[{"start":{"line":306,"column":8},"end":{"line":306,"column":8},"skip":true},{"start":{"line":306,"column":8},"end":{"line":306,"column":8},"skip":true}]},"26":{"line":310,"type":"if","locations":[{"start":{"line":310,"column":8},"end":{"line":310,"column":8},"skip":true},{"start":{"line":310,"column":8},"end":{"line":310,"column":8},"skip":true}]},"27":{"line":313,"type":"binary-expr","locations":[{"start":{"line":313,"column":27},"end":{"line":313,"column":43},"skip":true},{"start":{"line":313,"column":47},"end":{"line":313,"column":53},"skip":true}]},"28":{"line":317,"type":"if","locations":[{"start":{"line":317,"column":12},"end":{"line":317,"column":12},"skip":true},{"start":{"line":317,"column":12},"end":{"line":317,"column":12},"skip":true}]}},"code":["/*","example.js","","quickstart example","","instruction","    1. save this script as example.js","    2. run the shell command:","        $ npm install npmtest-assemble && PORT=8081 node example.js","    3. play with the browser-demo on http://127.0.0.1:8081","*/","","","","/* istanbul instrument in package npmtest_assemble */","/*jslint","    bitwise: true,","    browser: true,","    maxerr: 8,","    maxlen: 96,","    node: true,","    nomen: true,","    regexp: true,","    stupid: true","*/","(function () {","    'use strict';","    var local;","","","","    // run shared js-env code - pre-init","    (function () {","        // init local","        local = {};","        // init modeJs","        local.modeJs = (function () {","            try {","                return typeof navigator.userAgent === 'string' &&","                    typeof document.querySelector('body') === 'object' &&","                    typeof XMLHttpRequest.prototype.open === 'function' &&","                    'browser';","            } catch (errorCaughtBrowser) {","                return module.exports &&","                    typeof process.versions.node === 'string' &&","                    typeof require('http').createServer === 'function' &&","                    'node';","            }","        }());","        // init global","        local.global = local.modeJs === 'browser'","            ? window","            : global;","        // init utility2_rollup","        local = local.global.utility2_rollup || (local.modeJs === 'browser'","            ? local.global.utility2_npmtest_assemble","            : global.utility2_moduleExports);","        // export local","        local.global.local = local;","    }());","    switch (local.modeJs) {","","","","    // post-init","    // run browser js-env code - post-init","    /* istanbul ignore next */","    case 'browser':","        local.testRunBrowser = function (event) {","            if (!event || (event &&","                    event.currentTarget &&","                    event.currentTarget.className &&","                    event.currentTarget.className.includes &&","                    event.currentTarget.className.includes('onreset'))) {","                // reset output","                Array.from(","                    document.querySelectorAll('body > .resettable')","                ).forEach(function (element) {","                    switch (element.tagName) {","                    case 'INPUT':","                    case 'TEXTAREA':","                        element.value = '';","                        break;","                    default:","                        element.textContent = '';","                    }","                });","            }","            switch (event && event.currentTarget && event.currentTarget.id) {","            case 'testRunButton1':","                // show tests","                if (document.querySelector('#testReportDiv1').style.display === 'none') {","                    document.querySelector('#testReportDiv1').style.display = 'block';","                    document.querySelector('#testRunButton1').textContent =","                        'hide internal test';","                    local.modeTest = true;","                    local.testRunDefault(local);","                // hide tests","                } else {","                    document.querySelector('#testReportDiv1').style.display = 'none';","                    document.querySelector('#testRunButton1').textContent = 'run internal test';","                }","                break;","            // custom-case","            default:","                break;","            }","            if (document.querySelector('#inputTextareaEval1') && (!event || (event &&","                    event.currentTarget &&","                    event.currentTarget.className &&","                    event.currentTarget.className.includes &&","                    event.currentTarget.className.includes('oneval')))) {","                // try to eval input-code","                try {","                    /*jslint evil: true*/","                    eval(document.querySelector('#inputTextareaEval1').value);","                } catch (errorCaught) {","                    console.error(errorCaught);","                }","            }","        };","        // log stderr and stdout to #outputTextareaStdout1","        ['error', 'log'].forEach(function (key) {","            console[key + '_original'] = console[key];","            console[key] = function () {","                var element;","                console[key + '_original'].apply(console, arguments);","                element = document.querySelector('#outputTextareaStdout1');","                if (!element) {","                    return;","                }","                // append text to #outputTextareaStdout1","                element.value += Array.from(arguments).map(function (arg) {","                    return typeof arg === 'string'","                        ? arg","                        : JSON.stringify(arg, null, 4);","                }).join(' ') + '\\n';","                // scroll textarea to bottom","                element.scrollTop = element.scrollHeight;","            };","        });","        // init event-handling","        ['change', 'click', 'keyup'].forEach(function (event) {","            Array.from(document.querySelectorAll('.on' + event)).forEach(function (element) {","                element.addEventListener(event, local.testRunBrowser);","            });","        });","        // run tests","        local.testRunBrowser();","        break;","","","","    // run node js-env code - post-init","    /* istanbul ignore next */","    case 'node':","        // export local","        module.exports = local;","        // require modules","        local.fs = require('fs');","        local.http = require('http');","        local.url = require('url');","        // init assets","        local.assetsDict = local.assetsDict || {};","        /* jslint-ignore-begin */","        local.assetsDict['/assets.index.template.html'] = '\\","<!doctype html>\\n\\","<html lang=\"en\">\\n\\","<head>\\n\\","<meta charset=\"UTF-8\">\\n\\","<meta name=\"viewport\" content=\"width=device-width, initial-scale=1\">\\n\\","<title>{{env.npm_package_name}} (v{{env.npm_package_version}})</title>\\n\\","<style>\\n\\","/*csslint\\n\\","    box-sizing: false,\\n\\","    universal-selector: false\\n\\","*/\\n\\","* {\\n\\","    box-sizing: border-box;\\n\\","}\\n\\","body {\\n\\","    background: #dde;\\n\\","    font-family: Arial, Helvetica, sans-serif;\\n\\","    margin: 2rem;\\n\\","}\\n\\","body > * {\\n\\","    margin-bottom: 1rem;\\n\\","}\\n\\",".utility2FooterDiv {\\n\\","    margin-top: 20px;\\n\\","    text-align: center;\\n\\","}\\n\\","</style>\\n\\","<style>\\n\\","/*csslint\\n\\","*/\\n\\","textarea {\\n\\","    font-family: monospace;\\n\\","    height: 10rem;\\n\\","    width: 100%;\\n\\","}\\n\\","textarea[readonly] {\\n\\","    background: #ddd;\\n\\","}\\n\\","</style>\\n\\","</head>\\n\\","<body>\\n\\","<!-- utility2-comment\\n\\","<div id=\"ajaxProgressDiv1\" style=\"background: #d00; height: 2px; left: 0; margin: 0; padding: 0; position: fixed; top: 0; transition: background 0.5s, width 1.5s; width: 25%;\"></div>\\n\\","utility2-comment -->\\n\\","<h1>\\n\\","<!-- utility2-comment\\n\\","    <a\\n\\","        {{#if env.npm_package_homepage}}\\n\\","        href=\"{{env.npm_package_homepage}}\"\\n\\","        {{/if env.npm_package_homepage}}\\n\\","        target=\"_blank\"\\n\\","    >\\n\\","utility2-comment -->\\n\\","        {{env.npm_package_name}} (v{{env.npm_package_version}})\\n\\","<!-- utility2-comment\\n\\","    </a>\\n\\","utility2-comment -->\\n\\","</h1>\\n\\","<h3>{{env.npm_package_description}}</h3>\\n\\","<!-- utility2-comment\\n\\","<h4><a download href=\"assets.app.js\">download standalone app</a></h4>\\n\\","<button class=\"onclick onreset\" id=\"testRunButton1\">run internal test</button><br>\\n\\","<div id=\"testReportDiv1\" style=\"display: none;\"></div>\\n\\","utility2-comment -->\\n\\","\\n\\","\\n\\","\\n\\","<label>stderr and stdout</label>\\n\\","<textarea class=\"resettable\" id=\"outputTextareaStdout1\" readonly></textarea>\\n\\","<!-- utility2-comment\\n\\","{{#if isRollup}}\\n\\","<script src=\"assets.app.js\"></script>\\n\\","{{#unless isRollup}}\\n\\","utility2-comment -->\\n\\","<script src=\"assets.utility2.rollup.js\"></script>\\n\\","<script src=\"jsonp.utility2._stateInit?callback=window.utility2._stateInit\"></script>\\n\\","<script src=\"assets.npmtest_assemble.rollup.js\"></script>\\n\\","<script src=\"assets.example.js\"></script>\\n\\","<script src=\"assets.test.js\"></script>\\n\\","<!-- utility2-comment\\n\\","{{/if isRollup}}\\n\\","utility2-comment -->\\n\\","<div class=\"utility2FooterDiv\">\\n\\","    [ this app was created with\\n\\","    <a href=\"https://github.com/kaizhu256/node-utility2\" target=\"_blank\">utility2</a>\\n\\","    ]\\n\\","</div>\\n\\","</body>\\n\\","</html>\\n\\","';","        /* jslint-ignore-end */","        if (local.templateRender) {","            local.assetsDict['/'] = local.templateRender(","                local.assetsDict['/assets.index.template.html'],","                {","                    env: local.objectSetDefault(local.env, {","                        npm_package_description: 'the greatest app in the world!',","                        npm_package_name: 'my-app',","                        npm_package_nameAlias: 'my_app',","                        npm_package_version: '0.0.1'","                    })","                }","            );","        } else {","            local.assetsDict['/'] = local.assetsDict['/assets.index.template.html']","                .replace((/\\{\\{env\\.(\\w+?)\\}\\}/g), function (match0, match1) {","                    // jslint-hack","                    String(match0);","                    switch (match1) {","                    case 'npm_package_description':","                        return 'the greatest app in the world!';","                    case 'npm_package_name':","                        return 'my-app';","                    case 'npm_package_nameAlias':","                        return 'my_app';","                    case 'npm_package_version':","                        return '0.0.1';","                    }","                });","        }","        // run the cli","        if (local.global.utility2_rollup || module !== require.main) {","            break;","        }","        local.assetsDict['/assets.example.js'] =","            local.assetsDict['/assets.example.js'] ||","            local.fs.readFileSync(__filename, 'utf8');","        // bug-workaround - long $npm_package_buildCustomOrg","        /* jslint-ignore-begin */","        local.assetsDict['/assets.npmtest_assemble.rollup.js'] =","            local.assetsDict['/assets.npmtest_assemble.rollup.js'] ||","            local.fs.readFileSync(","                local.npmtest_assemble.__dirname + '/lib.npmtest_assemble.js',","                'utf8'","            ).replace((/^#!/), '//');","        /* jslint-ignore-end */","        local.assetsDict['/favicon.ico'] = local.assetsDict['/favicon.ico'] || '';","        // if $npm_config_timeout_exit exists,","        // then exit this process after $npm_config_timeout_exit ms","        if (Number(process.env.npm_config_timeout_exit)) {","            setTimeout(process.exit, Number(process.env.npm_config_timeout_exit));","        }","        // start server","        if (local.global.utility2_serverHttp1) {","            break;","        }","        process.env.PORT = process.env.PORT || '8081';","        console.error('server starting on port ' + process.env.PORT);","        local.http.createServer(function (request, response) {","            request.urlParsed = local.url.parse(request.url);","            if (local.assetsDict[request.urlParsed.pathname] !== undefined) {","                response.end(local.assetsDict[request.urlParsed.pathname]);","                return;","            }","            response.statusCode = 404;","            response.end();","        }).listen(process.env.PORT);","        break;","    }","}());",""],"l":{"26":2,"28":2,"33":2,"35":2,"37":2,"38":2,"39":2,"44":1,"51":2,"55":2,"59":2,"61":2,"69":1,"70":2,"76":2,"79":2,"82":2,"83":2,"85":1,"89":2,"92":1,"93":1,"94":1,"96":1,"97":1,"100":1,"101":1,"103":1,"106":1,"108":2,"114":1,"116":1,"118":1,"123":1,"124":2,"125":2,"126":3,"127":3,"128":3,"129":3,"130":1,"133":3,"134":3,"139":3,"143":1,"144":3,"145":1,"149":1,"150":1,"158":1,"160":1,"161":1,"162":1,"164":1,"166":1,"258":1,"259":1,"271":1,"274":6,"275":6,"277":1,"279":2,"281":1,"283":2,"288":1,"289":1,"291":1,"296":1,"303":1,"306":1,"307":1,"310":1,"311":1,"313":1,"314":1,"315":1,"316":1,"317":1,"318":1,"319":1,"321":1,"322":1,"324":1}},"/home/travis/build/npmtest/node-npmtest-assemble/node_modules/assemble/index.js":{"path":"/home/travis/build/npmtest/node-npmtest-assemble/node_modules/assemble/index.js","s":{"1":1,"2":1,"3":1,"4":1,"5":1,"6":4,"7":2,"8":2,"9":2,"10":2,"11":1,"12":1,"13":1,"14":2,"15":2,"16":2,"17":1,"18":2,"19":2,"20":2,"21":1,"22":2,"23":2,"24":2,"25":0,"26":0,"27":0,"28":0,"29":0,"30":0,"31":0,"32":1,"33":3,"34":3,"35":3,"36":3,"37":3,"38":1,"39":15,"40":0,"41":15,"42":15,"43":1,"44":2,"45":0,"46":2,"47":0,"48":2,"49":0,"50":2,"51":1},"b":{"1":[2,2],"2":[2,2],"3":[0,0],"4":[0,0],"5":[0,15],"6":[15,0],"7":[0,2],"8":[2,2],"9":[2,2],"10":[2,2]},"f":{"1":4,"2":2,"3":2,"4":2,"5":0,"6":3,"7":15,"8":2,"9":0,"10":0},"fnMap":{"1":{"name":"Assemble","line":24,"loc":{"start":{"line":24,"column":0},"end":{"line":24,"column":27}}},"2":{"name":"(anonymous_2)","line":44,"loc":{"start":{"line":44,"column":34},"end":{"line":44,"column":45}}},"3":{"name":"(anonymous_3)","line":54,"loc":{"start":{"line":54,"column":24},"end":{"line":54,"column":38}}},"4":{"name":"(anonymous_4)","line":64,"loc":{"start":{"line":64,"column":24},"end":{"line":64,"column":38}}},"5":{"name":"(anonymous_5)","line":77,"loc":{"start":{"line":77,"column":35},"end":{"line":77,"column":56}}},"6":{"name":"(anonymous_6)","line":105,"loc":{"start":{"line":105,"column":23},"end":{"line":105,"column":37}}},"7":{"name":"enable","line":112,"loc":{"start":{"line":112,"column":2},"end":{"line":112,"column":28}}},"8":{"name":"(anonymous_8)","line":127,"loc":{"start":{"line":127,"column":21},"end":{"line":127,"column":35}}},"9":{"name":"(anonymous_9)","line":133,"loc":{"start":{"line":133,"column":15},"end":{"line":133,"column":28}}},"10":{"name":"(anonymous_10)","line":141,"loc":{"start":{"line":141,"column":15},"end":{"line":141,"column":28}}}},"statementMap":{"1":{"start":{"line":7,"column":0},"end":{"line":7,"column":27}},"2":{"start":{"line":8,"column":0},"end":{"line":8,"column":36}},"3":{"start":{"line":9,"column":0},"end":{"line":9,"column":39}},"4":{"start":{"line":10,"column":0},"end":{"line":10,"column":35}},"5":{"start":{"line":24,"column":0},"end":{"line":31,"column":1}},"6":{"start":{"line":25,"column":2},"end":{"line":27,"column":3}},"7":{"start":{"line":26,"column":4},"end":{"line":26,"column":33}},"8":{"start":{"line":28,"column":2},"end":{"line":28,"column":27}},"9":{"start":{"line":29,"column":2},"end":{"line":29,"column":22}},"10":{"start":{"line":30,"column":2},"end":{"line":30,"column":22}},"11":{"start":{"line":37,"column":0},"end":{"line":37,"column":22}},"12":{"start":{"line":38,"column":0},"end":{"line":38,"column":22}},"13":{"start":{"line":44,"column":0},"end":{"line":48,"column":2}},"14":{"start":{"line":45,"column":2},"end":{"line":45,"column":42}},"15":{"start":{"line":46,"column":2},"end":{"line":46,"column":30}},"16":{"start":{"line":47,"column":2},"end":{"line":47,"column":43}},"17":{"start":{"line":54,"column":0},"end":{"line":58,"column":2}},"18":{"start":{"line":55,"column":2},"end":{"line":55,"column":29}},"19":{"start":{"line":56,"column":2},"end":{"line":56,"column":28}},"20":{"start":{"line":57,"column":2},"end":{"line":57,"column":26}},"21":{"start":{"line":64,"column":0},"end":{"line":89,"column":2}},"22":{"start":{"line":65,"column":2},"end":{"line":65,"column":55}},"23":{"start":{"line":71,"column":2},"end":{"line":71,"column":49}},"24":{"start":{"line":77,"column":2},"end":{"line":88,"column":5}},"25":{"start":{"line":79,"column":4},"end":{"line":82,"column":5}},"26":{"start":{"line":80,"column":6},"end":{"line":80,"column":13}},"27":{"start":{"line":81,"column":6},"end":{"line":81,"column":13}},"28":{"start":{"line":83,"column":4},"end":{"line":86,"column":5}},"29":{"start":{"line":84,"column":6},"end":{"line":84,"column":13}},"30":{"start":{"line":85,"column":6},"end":{"line":85,"column":13}},"31":{"start":{"line":87,"column":4},"end":{"line":87,"column":35}},"32":{"start":{"line":105,"column":0},"end":{"line":118,"column":2}},"33":{"start":{"line":106,"column":2},"end":{"line":106,"column":35}},"34":{"start":{"line":107,"column":2},"end":{"line":107,"column":35}},"35":{"start":{"line":108,"column":2},"end":{"line":108,"column":35}},"36":{"start":{"line":109,"column":2},"end":{"line":109,"column":31}},"37":{"start":{"line":110,"column":2},"end":{"line":110,"column":29}},"38":{"start":{"line":112,"column":2},"end":{"line":117,"column":3}},"39":{"start":{"line":113,"column":4},"end":{"line":113,"column":48}},"40":{"start":{"line":113,"column":41},"end":{"line":113,"column":48}},"41":{"start":{"line":114,"column":4},"end":{"line":116,"column":5}},"42":{"start":{"line":115,"column":6},"end":{"line":115,"column":20}},"43":{"start":{"line":127,"column":0},"end":{"line":149,"column":2}},"44":{"start":{"line":128,"column":2},"end":{"line":128,"column":41}},"45":{"start":{"line":128,"column":34},"end":{"line":128,"column":41}},"46":{"start":{"line":130,"column":2},"end":{"line":136,"column":5}},"47":{"start":{"line":134,"column":6},"end":{"line":134,"column":49}},"48":{"start":{"line":138,"column":2},"end":{"line":144,"column":5}},"49":{"start":{"line":142,"column":6},"end":{"line":142,"column":49}},"50":{"start":{"line":146,"column":2},"end":{"line":148,"column":5}},"51":{"start":{"line":155,"column":0},"end":{"line":155,"column":26}}},"branchMap":{"1":{"line":25,"type":"if","locations":[{"start":{"line":25,"column":2},"end":{"line":25,"column":2}},{"start":{"line":25,"column":2},"end":{"line":25,"column":2}}]},"2":{"line":65,"type":"binary-expr","locations":[{"start":{"line":65,"column":13},"end":{"line":65,"column":29}},{"start":{"line":65,"column":33},"end":{"line":65,"column":54}}]},"3":{"line":79,"type":"if","locations":[{"start":{"line":79,"column":4},"end":{"line":79,"column":4}},{"start":{"line":79,"column":4},"end":{"line":79,"column":4}}]},"4":{"line":83,"type":"if","locations":[{"start":{"line":83,"column":4},"end":{"line":83,"column":4}},{"start":{"line":83,"column":4},"end":{"line":83,"column":4}}]},"5":{"line":113,"type":"if","locations":[{"start":{"line":113,"column":4},"end":{"line":113,"column":4}},{"start":{"line":113,"column":4},"end":{"line":113,"column":4}}]},"6":{"line":114,"type":"if","locations":[{"start":{"line":114,"column":4},"end":{"line":114,"column":4}},{"start":{"line":114,"column":4},"end":{"line":114,"column":4}}]},"7":{"line":128,"type":"if","locations":[{"start":{"line":128,"column":2},"end":{"line":128,"column":2}},{"start":{"line":128,"column":2},"end":{"line":128,"column":2}}]},"8":{"line":131,"type":"binary-expr","locations":[{"start":{"line":131,"column":12},"end":{"line":131,"column":30}},{"start":{"line":131,"column":34},"end":{"line":131,"column":39}}]},"9":{"line":139,"type":"binary-expr","locations":[{"start":{"line":139,"column":12},"end":{"line":139,"column":30}},{"start":{"line":139,"column":34},"end":{"line":139,"column":39}}]},"10":{"line":147,"type":"binary-expr","locations":[{"start":{"line":147,"column":12},"end":{"line":147,"column":30}},{"start":{"line":147,"column":34},"end":{"line":147,"column":39}}]}},"code":["'use strict';","","/**"," * module dependencies"," */","","var path = require('path');","var Core = require('assemble-core');","var plugins = require('./lib/plugins');","var utils = require('./lib/utils');","","/**"," * Create an `assemble` app. This is the main function exported"," * by the assemble module."," *"," * ```js"," * var assemble = require('assemble');"," * var app = assemble();"," * ```"," * @param {Object} `options` Optionally pass default options to use."," * @api public"," */","","function Assemble(options) {","  if (!(this instanceof Assemble)) {","    return new Assemble(options);","  }","  Core.call(this, options);","  this.is('assemble');","  this.initAssemble();","}","","/**"," * Inherit `Core`"," */","","Core.extend(Assemble);","Core.bubble(Assemble);","","/**"," * Initialize assemble and emit pre and post init events"," */","","Assemble.prototype.initAssemble = function() {","  Assemble.emit('assemble.preInit', this);","  Assemble.initAssemble(this);","  Assemble.emit('assemble.postInit', this);","};","","/**"," * Initialize Assemble defaults, plugins and views"," */","","Assemble.initAssemble = function(app) {","  Assemble.initDefaults(app);","  Assemble.initPlugins(app);","  Assemble.initViews(app);","};","","/**"," * Initialize defaults"," */","","Assemble.initDefaults = function(app) {","  var exts = app.options.exts || ['md', 'hbs', 'html'];","","  /**","   * Default engine","   */","","  app.engine(exts, require('engine-handlebars'));","","  /**","   * Middleware for parsing front matter","   */","","  app.onLoad(utils.extRegex(exts), function(view, next) {","    // check options inside the middleware to account for options defined after init","    if (view.options.frontMatter === false) {","      next();","      return;","    }","    if (app.options.frontMatter === false) {","      next();","      return;","    }","    utils.matter.parse(view, next);","  });","};","","/**"," * Load default plugins. Built-in plugins can be disabled"," * on the `assemble` options."," *"," * ```js"," * var app = assemble({"," *   plugins: {"," *     loader: false,"," *     store: false"," *   }"," * });"," * ```"," */","","Assemble.initPlugins = function(app) {","  enable('logger', plugins.logger);","  enable('loader', plugins.loader);","  enable('config', plugins.config);","  enable('argv', plugins.argv);","  enable('cli', plugins.cli);","","  function enable(name, fn) {","    if (app.option('plugins') === false) return;","    if (app.option('plugins.' + name) !== false) {","      app.use(fn());","    }","  }","};","","/**"," * Built-in view collections"," *  | partials"," *  | layouts"," *  | pages"," */","","Assemble.initViews = function(app) {","  if (app.isFalse('collections')) return;","","  app.create('partials', {","    engine: app.options.engine || 'hbs',","    viewType: 'partial',","    renameKey: function(fp) {","      return path.basename(fp, path.extname(fp));","    }","  });","","  app.create('layouts', {","    engine: app.options.engine || 'hbs',","    viewType: 'layout',","    renameKey: function(fp) {","      return path.basename(fp, path.extname(fp));","    }","  });","","  app.create('pages', {","    engine: app.options.engine || 'hbs'","  });","};","","/**"," * Expose the `Assemble` constructor"," */","","module.exports = Assemble;",""],"l":{"7":1,"8":1,"9":1,"10":1,"24":1,"25":4,"26":2,"28":2,"29":2,"30":2,"37":1,"38":1,"44":1,"45":2,"46":2,"47":2,"54":1,"55":2,"56":2,"57":2,"64":1,"65":2,"71":2,"77":2,"79":0,"80":0,"81":0,"83":0,"84":0,"85":0,"87":0,"105":1,"106":3,"107":3,"108":3,"109":3,"110":3,"112":1,"113":15,"114":15,"115":15,"127":1,"128":2,"130":2,"134":0,"138":2,"142":0,"146":2,"155":1}},"/home/travis/build/npmtest/node-npmtest-assemble/node_modules/assemble-core/index.js":{"path":"/home/travis/build/npmtest/node-npmtest-assemble/node_modules/assemble-core/index.js","s":{"1":1,"2":1,"3":1,"4":2,"5":0,"6":2,"7":2,"8":2,"9":1,"10":1,"11":1,"12":2,"13":1,"14":2,"15":2,"16":2,"17":1,"18":2,"19":2,"20":2,"21":2,"22":1},"b":{"1":[0,2]},"f":{"1":2,"2":2,"3":2,"4":2},"fnMap":{"1":{"name":"Assemble","line":22,"loc":{"start":{"line":22,"column":0},"end":{"line":22,"column":27}}},"2":{"name":"(anonymous_2)","line":42,"loc":{"start":{"line":42,"column":30},"end":{"line":42,"column":41}}},"3":{"name":"(anonymous_3)","line":50,"loc":{"start":{"line":50,"column":20},"end":{"line":50,"column":34}}},"4":{"name":"(anonymous_4)","line":60,"loc":{"start":{"line":60,"column":23},"end":{"line":60,"column":37}}}},"statementMap":{"1":{"start":{"line":7,"column":0},"end":{"line":7,"column":37}},"2":{"start":{"line":8,"column":0},"end":{"line":8,"column":31}},"3":{"start":{"line":22,"column":0},"end":{"line":29,"column":1}},"4":{"start":{"line":23,"column":2},"end":{"line":25,"column":3}},"5":{"start":{"line":24,"column":4},"end":{"line":24,"column":33}},"6":{"start":{"line":26,"column":2},"end":{"line":26,"column":32}},"7":{"start":{"line":27,"column":2},"end":{"line":27,"column":22}},"8":{"start":{"line":28,"column":2},"end":{"line":28,"column":18}},"9":{"start":{"line":35,"column":0},"end":{"line":35,"column":27}},"10":{"start":{"line":36,"column":0},"end":{"line":36,"column":27}},"11":{"start":{"line":42,"column":0},"end":{"line":44,"column":2}},"12":{"start":{"line":43,"column":2},"end":{"line":43,"column":26}},"13":{"start":{"line":50,"column":0},"end":{"line":54,"column":2}},"14":{"start":{"line":51,"column":2},"end":{"line":51,"column":32}},"15":{"start":{"line":52,"column":2},"end":{"line":52,"column":28}},"16":{"start":{"line":53,"column":2},"end":{"line":53,"column":29}},"17":{"start":{"line":60,"column":0},"end":{"line":65,"column":2}},"18":{"start":{"line":61,"column":2},"end":{"line":61,"column":33}},"19":{"start":{"line":62,"column":2},"end":{"line":62,"column":27}},"20":{"start":{"line":63,"column":2},"end":{"line":63,"column":26}},"21":{"start":{"line":64,"column":2},"end":{"line":64,"column":22}},"22":{"start":{"line":71,"column":0},"end":{"line":71,"column":26}}},"branchMap":{"1":{"line":23,"type":"if","locations":[{"start":{"line":23,"column":2},"end":{"line":23,"column":2}},{"start":{"line":23,"column":2},"end":{"line":23,"column":2}}]}},"code":["'use strict';","","/**"," * module dependencies"," */","","var Templates = require('templates');","var utils = require('./utils');","","/**"," * Create an `assemble` application. This is the main function exported"," * by the assemble module."," *"," * ```js"," * var assemble = require('assemble');"," * var app = assemble();"," * ```"," * @param {Object} `options` Optionally pass default options to use."," * @api public"," */","","function Assemble(options) {","  if (!(this instanceof Assemble)) {","    return new Assemble(options);","  }","  Templates.call(this, options);","  this.is('assemble');","  this.initCore();","}","","/**"," * Inherit `Templates`"," */","","Templates.extend(Assemble);","Templates.bubble(Assemble);","","/**"," * Load core plugins"," */","","Assemble.prototype.initCore = function() {","  Assemble.initCore(this);","};","","/**"," * Load core plugins"," */","","Assemble.initCore = function(app) {","  Assemble.emit('preInit', app);","  Assemble.initPlugins(app);","  Assemble.emit('init', app);","};","","/**"," * Load core plugins"," */","","Assemble.initPlugins = function(app) {","  app.use(utils.tasks(app.name));","  app.use(utils.streams());","  app.use(utils.render());","  app.use(utils.fs());","};","","/**"," * Expose the `Assemble` constructor"," */","","module.exports = Assemble;",""],"l":{"7":1,"8":1,"22":1,"23":2,"24":0,"26":2,"27":2,"28":2,"35":1,"36":1,"42":1,"43":2,"50":1,"51":2,"52":2,"53":2,"60":1,"61":2,"62":2,"63":2,"64":2,"71":1}},"/home/travis/build/npmtest/node-npmtest-assemble/node_modules/assemble-core/utils.js":{"path":"/home/travis/build/npmtest/node-npmtest-assemble/node_modules/assemble-core/utils.js","s":{"1":1,"2":1,"3":1,"4":1,"5":1,"6":1,"7":1,"8":1,"9":1,"10":1},"b":{},"f":{},"fnMap":{},"statementMap":{"1":{"start":{"line":7,"column":0},"end":{"line":7,"column":43}},"2":{"start":{"line":8,"column":0},"end":{"line":8,"column":17}},"3":{"start":{"line":9,"column":0},"end":{"line":9,"column":16}},"4":{"start":{"line":15,"column":0},"end":{"line":15,"column":29}},"5":{"start":{"line":16,"column":0},"end":{"line":16,"column":42}},"6":{"start":{"line":17,"column":0},"end":{"line":17,"column":39}},"7":{"start":{"line":18,"column":0},"end":{"line":18,"column":30}},"8":{"start":{"line":19,"column":0},"end":{"line":19,"column":37}},"9":{"start":{"line":20,"column":0},"end":{"line":20,"column":13}},"10":{"start":{"line":26,"column":0},"end":{"line":26,"column":23}}},"branchMap":{},"code":["'use strict';","","/**"," * Module dependencies"," */","","var utils = require('lazy-cache')(require);","var fn = require;","require = utils;","","/**"," * Lazily required module dependencies"," */","","require('assemble-fs', 'fs');","require('assemble-render-file', 'render');","require('assemble-streams', 'streams');","require('base-task', 'tasks');","require('define-property', 'define');","require = fn;","","/**"," * Expose `utils` modules"," */","","module.exports = utils;",""],"l":{"7":1,"8":1,"9":1,"15":1,"16":1,"17":1,"18":1,"19":1,"20":1,"26":1}},"/home/travis/build/npmtest/node-npmtest-assemble/node_modules/assemble-fs/index.js":{"path":"/home/travis/build/npmtest/node-npmtest-assemble/node_modules/assemble-fs/index.js","s":{"1":1,"2":1,"3":2,"4":2,"5":0,"6":2,"7":2,"8":6,"9":0,"10":6,"11":1,"12":8,"13":0,"14":8,"15":0,"16":0,"17":0,"18":0,"19":8,"20":0,"21":0,"22":8,"23":0,"24":0,"25":8,"26":0,"27":8,"28":0,"29":0,"30":0,"31":0,"32":0,"33":0,"34":0,"35":0,"36":1,"37":0,"38":0,"39":0,"40":0,"41":0,"42":0,"43":0,"44":0,"45":0,"46":0,"47":0,"48":0,"49":0,"50":0,"51":0,"52":0,"53":0,"54":0,"55":0,"56":0,"57":0,"58":0},"b":{"1":[0,2],"2":[0,6],"3":[0,8],"4":[0,8],"5":[8,8],"6":[0,0],"7":[0,0],"8":[0,0],"9":[0,0],"10":[0,0],"11":[0,0],"12":[0,0],"13":[0,0],"14":[0,0]},"f":{"1":2,"2":2,"3":6,"4":8,"5":0,"6":0,"7":0,"8":0,"9":0,"10":0,"11":0},"fnMap":{"1":{"name":"(anonymous_1)","line":16,"loc":{"start":{"line":16,"column":17},"end":{"line":16,"column":28}}},"2":{"name":"(anonymous_2)","line":17,"loc":{"start":{"line":17,"column":9},"end":{"line":17,"column":20}}},"3":{"name":"(anonymous_3)","line":21,"loc":{"start":{"line":21,"column":11},"end":{"line":21,"column":22}}},"4":{"name":"plugin","line":32,"loc":{"start":{"line":32,"column":0},"end":{"line":32,"column":21}}},"5":{"name":"(anonymous_5)","line":64,"loc":{"start":{"line":64,"column":22},"end":{"line":64,"column":56}}},"6":{"name":"(anonymous_6)","line":82,"loc":{"start":{"line":82,"column":21},"end":{"line":82,"column":45}}},"7":{"name":"(anonymous_7)","line":101,"loc":{"start":{"line":101,"column":25},"end":{"line":101,"column":36}}},"8":{"name":"fn","line":117,"loc":{"start":{"line":117,"column":22},"end":{"line":117,"column":49}}},"9":{"name":"(anonymous_9)","line":131,"loc":{"start":{"line":131,"column":21},"end":{"line":131,"column":32}}},"10":{"name":"toCollection","line":144,"loc":{"start":{"line":144,"column":0},"end":{"line":144,"column":36}}},"11":{"name":"(anonymous_11)","line":153,"loc":{"start":{"line":153,"column":27},"end":{"line":153,"column":53}}}},"statementMap":{"1":{"start":{"line":10,"column":0},"end":{"line":10,"column":31}},"2":{"start":{"line":16,"column":0},"end":{"line":26,"column":2}},"3":{"start":{"line":17,"column":2},"end":{"line":25,"column":4}},"4":{"start":{"line":18,"column":4},"end":{"line":18,"column":28}},"5":{"start":{"line":18,"column":21},"end":{"line":18,"column":28}},"6":{"start":{"line":19,"column":4},"end":{"line":19,"column":28}},"7":{"start":{"line":21,"column":4},"end":{"line":24,"column":6}},"8":{"start":{"line":22,"column":6},"end":{"line":22,"column":37}},"9":{"start":{"line":22,"column":30},"end":{"line":22,"column":37}},"10":{"start":{"line":23,"column":6},"end":{"line":23,"column":30}},"11":{"start":{"line":32,"column":0},"end":{"line":138,"column":1}},"12":{"start":{"line":33,"column":2},"end":{"line":33,"column":84}},"13":{"start":{"line":33,"column":77},"end":{"line":33,"column":84}},"14":{"start":{"line":40,"column":2},"end":{"line":45,"column":3}},"15":{"start":{"line":41,"column":4},"end":{"line":41,"column":28}},"16":{"start":{"line":42,"column":4},"end":{"line":42,"column":28}},"17":{"start":{"line":43,"column":4},"end":{"line":43,"column":29}},"18":{"start":{"line":44,"column":4},"end":{"line":44,"column":26}},"19":{"start":{"line":64,"column":2},"end":{"line":68,"column":5}},"20":{"start":{"line":65,"column":4},"end":{"line":65,"column":59}},"21":{"start":{"line":66,"column":4},"end":{"line":67,"column":40}},"22":{"start":{"line":82,"column":2},"end":{"line":88,"column":5}},"23":{"start":{"line":83,"column":4},"end":{"line":83,"column":59}},"24":{"start":{"line":84,"column":4},"end":{"line":87,"column":49}},"25":{"start":{"line":101,"column":2},"end":{"line":103,"column":5}},"26":{"start":{"line":102,"column":4},"end":{"line":102,"column":57}},"27":{"start":{"line":117,"column":2},"end":{"line":137,"column":5}},"28":{"start":{"line":118,"column":4},"end":{"line":120,"column":5}},"29":{"start":{"line":119,"column":6},"end":{"line":119,"column":71}},"30":{"start":{"line":123,"column":4},"end":{"line":123,"column":42}},"31":{"start":{"line":125,"column":4},"end":{"line":129,"column":7}},"32":{"start":{"line":131,"column":4},"end":{"line":134,"column":7}},"33":{"start":{"line":132,"column":6},"end":{"line":132,"column":28}},"34":{"start":{"line":133,"column":6},"end":{"line":133,"column":22}},"35":{"start":{"line":136,"column":4},"end":{"line":136,"column":18}},"36":{"start":{"line":144,"column":0},"end":{"line":180,"column":1}},"37":{"start":{"line":145,"column":2},"end":{"line":145,"column":64}},"38":{"start":{"line":146,"column":2},"end":{"line":146,"column":29}},"39":{"start":{"line":147,"column":2},"end":{"line":147,"column":17}},"40":{"start":{"line":149,"column":2},"end":{"line":151,"column":3}},"41":{"start":{"line":150,"column":4},"end":{"line":150,"column":56}},"42":{"start":{"line":153,"column":2},"end":{"line":179,"column":5}},"43":{"start":{"line":154,"column":4},"end":{"line":157,"column":5}},"44":{"start":{"line":155,"column":6},"end":{"line":155,"column":23}},"45":{"start":{"line":156,"column":6},"end":{"line":156,"column":13}},"46":{"start":{"line":159,"column":4},"end":{"line":162,"column":5}},"47":{"start":{"line":160,"column":6},"end":{"line":160,"column":23}},"48":{"start":{"line":161,"column":6},"end":{"line":161,"column":13}},"49":{"start":{"line":165,"column":4},"end":{"line":165,"column":74}},"50":{"start":{"line":167,"column":4},"end":{"line":176,"column":5}},"51":{"start":{"line":168,"column":6},"end":{"line":168,"column":49}},"52":{"start":{"line":169,"column":11},"end":{"line":176,"column":5}},"53":{"start":{"line":170,"column":6},"end":{"line":170,"column":42}},"54":{"start":{"line":171,"column":11},"end":{"line":176,"column":5}},"55":{"start":{"line":172,"column":6},"end":{"line":172,"column":42}},"56":{"start":{"line":174,"column":6},"end":{"line":174,"column":77}},"57":{"start":{"line":175,"column":6},"end":{"line":175,"column":13}},"58":{"start":{"line":178,"column":4},"end":{"line":178,"column":21}}},"branchMap":{"1":{"line":18,"type":"if","locations":[{"start":{"line":18,"column":4},"end":{"line":18,"column":4}},{"start":{"line":18,"column":4},"end":{"line":18,"column":4}}]},"2":{"line":22,"type":"if","locations":[{"start":{"line":22,"column":6},"end":{"line":22,"column":6}},{"start":{"line":22,"column":6},"end":{"line":22,"column":6}}]},"3":{"line":33,"type":"if","locations":[{"start":{"line":33,"column":2},"end":{"line":33,"column":2}},{"start":{"line":33,"column":2},"end":{"line":33,"column":2}}]},"4":{"line":40,"type":"if","locations":[{"start":{"line":40,"column":2},"end":{"line":40,"column":2}},{"start":{"line":40,"column":2},"end":{"line":40,"column":2}}]},"5":{"line":40,"type":"binary-expr","locations":[{"start":{"line":40,"column":6},"end":{"line":40,"column":39}},{"start":{"line":40,"column":43},"end":{"line":40,"column":77}}]},"6":{"line":118,"type":"if","locations":[{"start":{"line":118,"column":4},"end":{"line":118,"column":4}},{"start":{"line":118,"column":4},"end":{"line":118,"column":4}}]},"7":{"line":149,"type":"if","locations":[{"start":{"line":149,"column":2},"end":{"line":149,"column":2}},{"start":{"line":149,"column":2},"end":{"line":149,"column":2}}]},"8":{"line":150,"type":"binary-expr","locations":[{"start":{"line":150,"column":17},"end":{"line":150,"column":26}},{"start":{"line":150,"column":30},"end":{"line":150,"column":55}}]},"9":{"line":154,"type":"if","locations":[{"start":{"line":154,"column":4},"end":{"line":154,"column":4}},{"start":{"line":154,"column":4},"end":{"line":154,"column":4}}]},"10":{"line":159,"type":"if","locations":[{"start":{"line":159,"column":4},"end":{"line":159,"column":4}},{"start":{"line":159,"column":4},"end":{"line":159,"column":4}}]},"11":{"line":167,"type":"if","locations":[{"start":{"line":167,"column":4},"end":{"line":167,"column":4}},{"start":{"line":167,"column":4},"end":{"line":167,"column":4}}]},"12":{"line":169,"type":"if","locations":[{"start":{"line":169,"column":11},"end":{"line":169,"column":11}},{"start":{"line":169,"column":11},"end":{"line":169,"column":11}}]},"13":{"line":169,"type":"binary-expr","locations":[{"start":{"line":169,"column":15},"end":{"line":169,"column":31}},{"start":{"line":169,"column":35},"end":{"line":169,"column":46}}]},"14":{"line":171,"type":"if","locations":[{"start":{"line":171,"column":11},"end":{"line":171,"column":11}},{"start":{"line":171,"column":11},"end":{"line":171,"column":11}}]}},"code":["/*!"," * assemble-fs <https://github.com/assemble/assemble-fs>"," *"," * Copyright (c) 2015, 2017, Jon Schlinkert."," * Released under the MIT License."," */","","'use strict';","","var utils = require('./utils');","","/**"," * Plugin is registered on `app` and `collection` instances"," */","","module.exports = function() {","  return function() {","    if (!this.isApp) return;","    plugin.call(this, this);","","    return function() {","      if (!this.isCollection) return;","      plugin.call(this, this);","    };","  };","};","","/**"," * The actual `fs` plugin"," */","","function plugin(app) {","  if (!utils.isValidApp(app, 'assemble-fs', ['app', 'views', 'collection'])) return;","","  /**","   * Setup middleware handlers. Assume none of the handlers exist if `onStream`","   * does not exist.","   */","","  if (typeof app.handler === 'function' && typeof app.onStream !== 'function') {","    app.handler('onStream');","    app.handler('preWrite');","    app.handler('postWrite');","    app.handler('onLoad');","  }","","  /**","   * Copy files with the given glob `patterns` to the specified `dest`.","   *","   * ```js","   * app.task('assets', function(cb) {","   *   app.copy('assets/**', 'dist/')","   *     .on('error', cb)","   *     .on('finish', cb)","   * });","   * ```","   * @name .copy","   * @param {String|Array} `patterns` Glob patterns of files to copy.","   * @param  {String|Function} `dest` Desination directory.","   * @return {Stream} Stream, to continue processing if necessary.","   * @api public","   */","","  this.define('copy', function(patterns, dest, options) {","    var opts = utils.extend({ allowEmpty: true }, options);","    return utils.vfs.src(patterns, opts)","      .pipe(utils.vfs.dest(dest, opts));","  });","","  /**","   * Glob patterns or filepaths to source files.","   *","   * ```js","   * app.src('src/*.hbs', {layout: 'default'});","   * ```","   * @name .src","   * @param {String|Array} `glob` Glob patterns or file paths to source files.","   * @param {Object} `options` Options or locals to merge into the context and/or pass to `src` plugins","   * @api public","   */","","  this.define('src', function(glob, options) {","    var opts = utils.extend({ allowEmpty: true }, options);","    return utils.vfs.src(glob, opts)","      .pipe(toCollection(this, opts))","      .pipe(utils.handle.once(this, 'onLoad'))","      .pipe(utils.handle.once(this, 'onStream'));","  });","","  /**","   * Glob patterns or paths for symlinks.","   *","   * ```js","   * app.symlink('src/**');","   * ```","   * @name .symlink","   * @param {String|Array} `glob`","   * @api public","   */","","  this.define('symlink', function() {","    return utils.vfs.symlink.apply(utils.vfs, arguments);","  });","","  /**","   * Specify a destination for processed files.","   *","   * ```js","   * app.dest('dist/');","   * ```","   * @name .dest","   * @param {String|Function} `dest` File path or rename function.","   * @param {Object} `options` Options and locals to pass to `dest` plugins","   * @api public","   */","","  this.define('dest', function fn(dest, options) {","    if (!dest) {","      throw new TypeError('expected dest to be a string or function.');","    }","","    // ensure \"dest\" is added to the context before rendering","    utils.prepareDest(app, dest, options);","","    var output = utils.combine([","      utils.handle.once(this, 'preWrite'),","      utils.vfs.dest.apply(utils.vfs, arguments),","      utils.handle.once(this, 'postWrite')","    ]);","","    output.on('end', function() {","      output.emit('finish');","      app.emit('end');","    });","","    return output;","  });","}","","/**"," * Push vinyl files onto a collection or list."," */","","function toCollection(app, options) {","  var opts = utils.extend({collection: 'streamFiles'}, options);","  var name = opts.collection;","  var collection;","","  if (app.isApp) {","    collection = app[name] || app.create(name, options);","  }","","  return utils.through.obj(function(file, enc, next) {","    if (file.isNull()) {","      next(null, file);","      return;","    }","","    if (utils.isBinary(file)) {","      next(null, file);","      return;","    }","","    // disable default `onLoad` handling inside templates","    file.options = utils.extend({ onLoad: false }, options, file.options);","","    if (app.isApp) {","      file = collection.addView(file.path, file);","    } else if (app.isCollection || app.isViews) {","      file = app.addView(file.path, file);","    } else if (app.isList) {","      file = app.setItem(file.path, file);","    } else {","      next(new Error('assemble-fs expects an instance, collection or view'));","      return;","    }","","    next(null, file);","  });","}",""],"l":{"10":1,"16":1,"17":2,"18":2,"19":2,"21":2,"22":6,"23":6,"32":1,"33":8,"40":8,"41":0,"42":0,"43":0,"44":0,"64":8,"65":0,"66":0,"82":8,"83":0,"84":0,"101":8,"102":0,"117":8,"118":0,"119":0,"123":0,"125":0,"131":0,"132":0,"133":0,"136":0,"144":1,"145":0,"146":0,"147":0,"149":0,"150":0,"153":0,"154":0,"155":0,"156":0,"159":0,"160":0,"161":0,"165":0,"167":0,"168":0,"169":0,"170":0,"171":0,"172":0,"174":0,"175":0,"178":0}},"/home/travis/build/npmte
[...]
"end":{"line":149,"column":6}}]},"18":{"line":160,"type":"if","locations":[{"start":{"line":160,"column":2},"end":{"line":160,"column":2}},{"start":{"line":160,"column":2},"end":{"line":160,"column":2}}]},"19":{"line":160,"type":"binary-expr","locations":[{"start":{"line":160,"column":6},"end":{"line":160,"column":29}},{"start":{"line":160,"column":33},"end":{"line":160,"column":44}}]},"20":{"line":163,"type":"if","locations":[{"start":{"line":163,"column":4},"end":{"line":163,"column":4}},{"start":{"line":163,"column":4},"end":{"line":163,"column":4}}]}},"code":["//#!/usr/bin/env node","","var util = require('util');","var path = require('path');","var assemble = require('..');","var commands = require('../lib/commands');","var plugins = require('../lib/plugins');","var utils = require('../lib/utils');","var errors = require('./errors');","var argv = utils.parseArgs(process.argv.slice(2));","","function run(cb) {","  var cwd = process.cwd();","  var app;","","  /**","   * Set the working directory","   */","","  if (argv.cwd && cwd !== path.resolve(argv.cwd)) {","    process.ORIG_CWD = process.cwd();","    process.chdir(argv.cwd);","    cwd = process.cwd();","  }","","  /**","   * Log the working directory","   */","","  console.log(utils.log.timestamp, 'using cwd ' + utils.formatDir(cwd));","","  /**","   * Get the assemblefile.js to use","   */","","  var assemblefile = path.resolve(cwd, argv.file || 'assemblefile.js');","","  /**","   * Get the `assemble` instance to use","   */","","  var defaults = require('../lib/generator');","  var configfile = utils.exists(assemblefile);","  if (configfile) {","    app = require(assemblefile);","  } else {","    app = defaults;","  }","","  /**","   * If `app` is a function, it's an assemble \"generator\",","   * so we need to invoke it with an instance of assemble","   */","","  if (typeof app === 'function') {","    var fn = app;","    app = assemble(argv);","    app.option(argv);","    app.use(fn);","  } else if (Object.keys(app).length === 0) {","    var msg = util.format(errors['instance'], utils.homeRelative(assemblefile));","    cb(new Error(msg));","    return;","  }","","  assemble.initPlugins(app);","","  /**","   * Listen for errors","   */","","  app.on('error', handleError);","  app.on('build', function(event, build) {","    if (typeof event === 'string' && !build.isSilent) {","      app.log.time(event, build.key, app.log.magenta(build.time));","    }","  });","  app.on('task', function(event, task) {","    if (typeof event === 'string' && !task.isSilent) {","      app.log.time(event, task.key);","    }","  });","","  /**","   * Support `--emit` for debugging","   *","   * Example:","   *   $ --emit data","   */","","  if (argv.emit && typeof argv.emit === 'string') {","    app.on(argv.emit, app.log.bind(console));","  }","","  /**","   * Process command line arguments","   */","","  var tasks = argv._.length ? argv._ : ['default'];","  var args = app.argv(argv);","  args.tasks = tasks;","","  app.set('cache.argv', args);","  app.option(args);","","  /**","   * Show path to assemblefile","   */","","  if (configfile) {","    var fp = utils.homeRelative(assemblefile);","    app.log.path('using assemblefile ' + utils.colors.green('~/' + fp));","  }","","  /**","   * Registert `runtimes` plugin","   */","","  app.use(plugins.runtimes());","","  /**","   * Process command line arguments","   */","","  cb(null, app);","}","","/**"," * Run"," */","","run(function(err, app) {","  if (err) handleError(err);","  commands(app);","","  /**","   * Process command line arguments","   */","","  app.cli.process(app.get('cache.argv'), function(err) {","    if (err) handleError(err);","","    /**","     * Run tasks","     */","","    var tasks = app.get('cache.argv.tasks');","    app.build(tasks, function(err) {","      if (err) handleError(err);","      app.log.success('finished');","    });","  });","});","","/**"," * Handle CLI errors"," */","","function handleError(err) {","  if (typeof err === 'string' && errors[err]) {","    console.error(errors[err]);","  } else {","    if (argv.verbose) {","      console.error(err.stack);","    } else {","      console.error(err.message);","    }","  }","  process.exit(1);","}",""],"l":{"3":1,"4":1,"5":1,"6":1,"7":1,"8":1,"9":1,"10":1,"12":1,"13":1,"14":1,"20":1,"21":0,"22":0,"23":0,"30":1,"36":1,"42":1,"43":1,"44":1,"45":0,"47":1,"55":1,"56":1,"57":1,"58":1,"59":1,"60":0,"61":0,"62":0,"63":0,"66":1,"72":1,"73":1,"74":2,"75":1,"78":1,"79":4,"80":2,"91":1,"92":0,"99":1,"100":1,"101":1,"103":1,"104":1,"110":1,"111":0,"112":0,"119":1,"125":1,"132":1,"133":1,"134":1,"140":1,"141":1,"147":1,"148":1,"149":0,"150":0,"159":1,"160":0,"161":0,"163":0,"164":0,"166":0,"169":0}},"/home/travis/build/npmtest/node-npmtest-assemble/node_modules/assemble/lib/commands.js":{"path":"/home/travis/build/npmtest/node-npmtest-assemble/node_modules/assemble/lib/commands.js","s":{"1":1,"2":1,"3":1,"4":2,"5":2},"b":{"1":[2,0]},"f":{"1":1},"fnMap":{"1":{"name":"(anonymous_1)","line":5,"loc":{"start":{"line":5,"column":17},"end":{"line":5,"column":40}}}},"statementMap":{"1":{"start":{"line":3,"column":0},"end":{"line":3,"column":38}},"2":{"start":{"line":5,"column":0},"end":{"line":11,"column":2}},"3":{"start":{"line":6,"column":2},"end":{"line":10,"column":3}},"4":{"start":{"line":7,"column":4},"end":{"line":9,"column":5}},"5":{"start":{"line":8,"column":6},"end":{"line":8,"column":52}}},"branchMap":{"1":{"line":7,"type":"if","locations":[{"start":{"line":7,"column":4},"end":{"line":7,"column":4}},{"start":{"line":7,"column":4},"end":{"line":7,"column":4}}]}},"code":["'use strict';","","var commands = require('./commands/');","","module.exports = function(app, options) {","  for (var key in commands) {","    if (commands.hasOwnProperty(key)) {","      app.cli.map(key, commands[key](app, options));","    }","  }","};",""],"l":{"3":1,"5":1,"6":1,"7":2,"8":2}},"/home/travis/build/npmtest/node-npmtest-assemble/node_modules/assemble/lib/commands/index.js":{"path":"/home/travis/build/npmtest/node-npmtest-assemble/node_modules/assemble/lib/commands/index.js","s":{"1":1},"b":{},"f":{},"fnMap":{},"statementMap":{"1":{"start":{"line":1,"column":0},"end":{"line":1,"column":52}}},"branchMap":{},"code":["module.exports = require('export-files')(__dirname);",""],"l":{"1":1}},"/home/travis/build/npmtest/node-npmtest-assemble/node_modules/assemble/lib/commands/silent.js":{"path":"/home/travis/build/npmtest/node-npmtest-assemble/node_modules/assemble/lib/commands/silent.js","s":{"1":1,"2":1,"3":0,"4":0},"b":{},"f":{"1":1,"2":0},"fnMap":{"1":{"name":"(anonymous_1)","line":3,"loc":{"start":{"line":3,"column":17},"end":{"line":3,"column":31}}},"2":{"name":"(anonymous_2)","line":4,"loc":{"start":{"line":4,"column":9},"end":{"line":4,"column":42}}}},"statementMap":{"1":{"start":{"line":3,"column":0},"end":{"line":8,"column":2}},"2":{"start":{"line":4,"column":2},"end":{"line":7,"column":4}},"3":{"start":{"line":5,"column":4},"end":{"line":5,"column":25}},"4":{"start":{"line":6,"column":4},"end":{"line":6,"column":11}}},"branchMap":{},"code":["'use strict';","","module.exports = function(app) {","  return function(val, key, config, next) {","    app.enable('silent');","    next();","  };","};",""],"l":{"3":1,"4":1,"5":0,"6":0}},"/home/travis/build/npmtest/node-npmtest-assemble/node_modules/assemble/lib/commands/version.js":{"path":"/home/travis/build/npmtest/node-npmtest-assemble/node_modules/assemble/lib/commands/version.js","s":{"1":1,"2":1,"3":1,"4":0},"b":{},"f":{"1":1,"2":0},"fnMap":{"1":{"name":"(anonymous_1)","line":5,"loc":{"start":{"line":5,"column":17},"end":{"line":5,"column":31}}},"2":{"name":"(anonymous_2)","line":6,"loc":{"start":{"line":6,"column":9},"end":{"line":6,"column":42}}}},"statementMap":{"1":{"start":{"line":3,"column":0},"end":{"line":3,"column":35}},"2":{"start":{"line":5,"column":0},"end":{"line":9,"column":2}},"3":{"start":{"line":6,"column":2},"end":{"line":8,"column":4}},"4":{"start":{"line":7,"column":4},"end":{"line":7,"column":58}}},"branchMap":{},"code":["'use strict';","","var pkg = require('../../package');","","module.exports = function(app) {","  return function(val, key, config, next) {","    console.log(app.log.cyan(`assemble v${pkg.version}`));","  };","};",""],"l":{"3":1,"5":1,"6":1,"7":0}},"/home/travis/build/npmtest/node-npmtest-assemble/node_modules/assemble/bin/errors.js":{"path":"/home/travis/build/npmtest/node-npmtest-assemble/node_modules/assemble/bin/errors.js","s":{"1":1},"b":{},"f":{},"fnMap":{},"statementMap":{"1":{"start":{"line":3,"column":0},"end":{"line":6,"column":2}}},"branchMap":{},"code":["'use strict';","","module.exports = {","  assemblefile: 'Cannot find assemblefile.js in the current working directory. Use \"--cwd\" to specify a working directory.',","  instance: 'a function or instance must be exported from \"%s\". See \"docs/assemblefile.md\" for details'","};",""],"l":{"3":1}},"/home/travis/build/npmtest/node-npmtest-assemble/node_modules/assemble/lib/generator.js":{"path":"/home/travis/build/npmtest/node-npmtest-assemble/node_modules/assemble/lib/generator.js","s":{"1":1,"2":1,"3":1,"4":1,"5":0,"6":0,"7":1,"8":0,"9":0,"10":0,"11":0,"12":0,"13":0,"14":0,"15":0,"16":0,"17":0,"18":1,"19":0,"20":0,"21":0,"22":1,"23":0,"24":0,"25":0,"26":0,"27":0,"28":0,"29":0,"30":0,"31":0,"32":0,"33":0,"34":1,"35":1,"36":1,"37":0,"38":0,"39":0,"40":0,"41":0,"42":0,"43":0,"44":0,"45":1,"46":0,"47":1,"48":1,"49":0,"50":0,"51":0},"b":{"1":[0,0],"2":[0,0],"3":[0,0],"4":[0,0],"5":[0,0],"6":[0,0]},"f":{"1":1,"2":0,"3":0,"4":0,"5":0,"6":0,"7":0,"8":0,"9":1,"10":0,"11":0,"12":0,"13":0},"fnMap":{"1":{"name":"(anonymous_1)","line":5,"loc":{"start":{"line":5,"column":17},"end":{"line":5,"column":31}}},"2":{"name":"(anonymous_2)","line":14,"loc":{"start":{"line":14,"column":17},"end":{"line":14,"column":28}}},"3":{"name":"(anonymous_3)","line":23,"loc":{"start":{"line":23,"column":19},"end":{"line":23,"column":32}}},"4":{"name":"(anonymous_4)","line":25,"loc":{"start":{"line":25,"column":35},"end":{"line":25,"column":58}}},"5":{"name":"(anonymous_5)","line":43,"loc":{"start":{"line":43,"column":18},"end":{"line":43,"column":31}}},"6":{"name":"(anonymous_6)","line":46,"loc":{"start":{"line":46,"column":17},"end":{"line":46,"column":28}}},"7":{"name":"(anonymous_7)","line":56,"loc":{"start":{"line":56,"column":29},"end":{"line":56,"column":42}}},"8":{"name":"(anonymous_8)","line":58,"loc":{"start":{"line":58,"column":38},"end":{"line":58,"column":61}}},"9":{"name":"(anonymous_9)","line":77,"loc":{"start":{"line":77,"column":25},"end":{"line":77,"column":38}}},"10":{"name":"(anonymous_10)","line":79,"loc":{"start":{"line":79,"column":35},"end":{"line":79,"column":58}}},"11":{"name":"(anonymous_11)","line":103,"loc":{"start":{"line":103,"column":37},"end":{"line":103,"column":50}}},"12":{"name":"install","line":118,"loc":{"start":{"line":118,"column":0},"end":{"line":118,"column":27}}},"13":{"name":"(anonymous_13)","line":122,"loc":{"start":{"line":122,"column":17},"end":{"line":122,"column":37}}}},"statementMap":{"1":{"start":{"line":3,"column":0},"end":{"line":3,"column":31}},"2":{"start":{"line":5,"column":0},"end":{"line":112,"column":2}},"3":{"start":{"line":8,"column":2},"end":{"line":8,"column":29}},"4":{"start":{"line":14,"column":2},"end":{"line":17,"column":5}},"5":{"start":{"line":15,"column":4},"end":{"line":15,"column":28}},"6":{"start":{"line":16,"column":4},"end":{"line":16,"column":19}},"7":{"start":{"line":23,"column":2},"end":{"line":37,"column":5}},"8":{"start":{"line":24,"column":4},"end":{"line":24,"column":83}},"9":{"start":{"line":25,"column":4},"end":{"line":36,"column":7}},"10":{"start":{"line":26,"column":6},"end":{"line":29,"column":7}},"11":{"start":{"line":27,"column":8},"end":{"line":27,"column":16}},"12":{"start":{"line":28,"column":8},"end":{"line":28,"column":15}},"13":{"start":{"line":30,"column":6},"end":{"line":34,"column":7}},"14":{"start":{"line":31,"column":8},"end":{"line":31,"column":96}},"15":{"start":{"line":32,"column":8},"end":{"line":32,"column":25}},"16":{"start":{"line":33,"column":8},"end":{"line":33,"column":15}},"17":{"start":{"line":35,"column":6},"end":{"line":35,"column":47}},"18":{"start":{"line":43,"column":2},"end":{"line":50,"column":5}},"19":{"start":{"line":44,"column":4},"end":{"line":49,"column":9}},"20":{"start":{"line":47,"column":8},"end":{"line":47,"column":51}},"21":{"start":{"line":48,"column":8},"end":{"line":48,"column":13}},"22":{"start":{"line":56,"column":2},"end":{"line":71,"column":5}},"23":{"start":{"line":57,"column":4},"end":{"line":57,"column":79}},"24":{"start":{"line":58,"column":4},"end":{"line":70,"column":7}},"25":{"start":{"line":59,"column":6},"end":{"line":62,"column":7}},"26":{"start":{"line":60,"column":8},"end":{"line":60,"column":16}},"27":{"start":{"line":61,"column":8},"end":{"line":61,"column":15}},"28":{"start":{"line":63,"column":6},"end":{"line":67,"column":7}},"29":{"start":{"line":64,"column":8},"end":{"line":64,"column":41}},"30":{"start":{"line":65,"column":8},"end":{"line":65,"column":25}},"31":{"start":{"line":66,"column":8},"end":{"line":66,"column":15}},"32":{"start":{"line":68,"column":6},"end":{"line":68,"column":42}},"33":{"start":{"line":69,"column":6},"end":{"line":69,"column":32}},"34":{"start":{"line":77,"column":2},"end":{"line":91,"column":5}},"35":{"start":{"line":78,"column":4},"end":{"line":78,"column":70}},"36":{"start":{"line":79,"column":4},"end":{"line":90,"column":7}},"37":{"start":{"line":80,"column":6},"end":{"line":83,"column":7}},"38":{"start":{"line":81,"column":8},"end":{"line":81,"column":16}},"39":{"start":{"line":82,"column":8},"end":{"line":82,"column":15}},"40":{"start":{"line":84,"column":6},"end":{"line":88,"column":7}},"41":{"start":{"line":85,"column":8},"end":{"line":85,"column":41}},"42":{"start":{"line":86,"column":8},"end":{"line":86,"column":25}},"43":{"start":{"line":87,"column":8},"end":{"line":87,"column":15}},"44":{"start":{"line":89,"column":6},"end":{"line":89,"column":47}},"45":{"start":{"line":103,"column":2},"end":{"line":105,"column":5}},"46":{"start":{"line":104,"column":4},"end":{"line":104,"column":45}},"47":{"start":{"line":111,"column":2},"end":{"line":111,"column":38}},"48":{"start":{"line":118,"column":0},"end":{"line":125,"column":1}},"49":{"start":{"line":119,"column":2},"end":{"line":119,"column":48}},"50":{"start":{"line":120,"column":2},"end":{"line":124,"column":7}},"51":{"start":{"line":123,"column":6},"end":{"line":123,"column":20}}},"branchMap":{"1":{"line":26,"type":"if","locations":[{"start":{"line":26,"column":6},"end":{"line":26,"column":6}},{"start":{"line":26,"column":6},"end":{"line":26,"column":6}}]},"2":{"line":30,"type":"if","locations":[{"start":{"line":30,"column":6},"end":{"line":30,"column":6}},{"start":{"line":30,"column":6},"end":{"line":30,"column":6}}]},"3":{"line":59,"type":"if","locations":[{"start":{"line":59,"column":6},"end":{"line":59,"column":6}},{"start":{"line":59,"column":6},"end":{"line":59,"column":6}}]},"4":{"line":63,"type":"if","locations":[{"start":{"line":63,"column":6},"end":{"line":63,"column":6}},{"start":{"line":63,"column":6},"end":{"line":63,"column":6}}]},"5":{"line":80,"type":"if","locations":[{"start":{"line":80,"column":6},"end":{"line":80,"column":6}},{"start":{"line":80,"column":6},"end":{"line":80,"column":6}}]},"6":{"line":84,"type":"if","locations":[{"start":{"line":84,"column":6},"end":{"line":84,"column":6}},{"start":{"line":84,"column":6},"end":{"line":84,"column":6}}]}},"code":["'use strict';","","var utils = require('./utils');","","module.exports = function(app) {","","  // use `base-questions` plugin for user prompts","  app.use(utils.questions());","","  /**","   * Listend for `done` event","   */","","  app.on('done', function() {","    app.log.success('done');","    process.exit();","  });","","  /**","   * Generate an `assemblefile.js`","   */","","  app.task('init', function(cb) {","    app.confirm('init', 'Welcome to assemble! Want to create an assemblefile.js?');","    app.ask('init', {save: false}, function(err, answers) {","      if (err) {","        cb(err);","        return;","      }","      if (!answers.init) {","        app.log.time('Got it, we\\'re all finished here. Run `assemble` to lean the next step.');","        app.emit('done');","        return;","      }","      app.build(['new', 'prompt-install'], cb);","    });","  });","","  /**","   * Generate an `assemblefile.js`","   */","","  app.task('new', function(cb) {","    app.src('templates/assemblefile.js', {cwd: __dirname})","      .pipe(app.dest(process.cwd()))","      .on('end', function() {","        app.log.success('created assemblefile.js');","        cb();","      });","  });","","  /**","   * Prompt to install assemble","   */","","  app.task('prompt-install', function(cb) {","    app.confirm('install', 'Want to install assemble to devDependencies now?');","    app.ask('install', {save: false}, function(err, answers) {","      if (err) {","        cb(err);","        return;","      }","      if (!answers.install) {","        app.log.time('Got it, stopping');","        app.emit('done');","        return;","      }","      app.log.time('installing assemble');","      install(['assemble'], cb);","    });","  });","","  /**","   * Asks if you want to generate an `assemblefile.js`","   */","","  app.task('prompt-new', function(cb) {","    app.confirm('file', 'No assemblefile.js found, want to add one?');","    app.ask('file', {save: false}, function(err, answers) {","      if (err) {","        cb(err);","        return;","      }","      if (!answers.file) {","        app.log.time('Got it, stopping');","        app.emit('done');","        return;","      }","      app.build(['new', 'prompt-install'], cb);","    });","  });","","  /**","   * Display a help menu of available commands and flags.","   *","   * ```sh","   * $ assemble help","   * ```","   * @name help","   * @api public","   */","","  app.task('help', { silent: true }, function(cb) {","    app.base.cli.process({ help: true }, cb);","  });","","  /**","   * Default task","   */","","  app.task('default', ['prompt-new']);","};","","/**"," * Install devDependencies"," */","","function install(args, cb) {","  args = ['install', '--save-dev'].concat(args);","  utils.spawn('npm', args, {stdio: 'inherit'})","    .on('error', cb)","    .on('close', function(code, err) {","      cb(err, code);","    });","}",""],"l":{"3":1,"5":1,"8":1,"14":1,"15":0,"16":0,"23":1,"24":0,"25":0,"26":0,"27":0,"28":0,"30":0,"31":0,"32":0,"33":0,"35":0,"43":1,"44":0,"47":0,"48":0,"56":1,"57":0,"58":0,"59":0,"60":0,"61":0,"63":0,"64":0,"65":0,"66":0,"68":0,"69":0,"77":1,"78":1,"79":1,"80":0,"81":0,"82":0,"84":0,"85":0,"86":0,"87":0,"89":0,"103":1,"104":0,"111":1,"118":1,"119":0,"120":0,"123":0}},"/home/travis/build/npmtest/node-npmtest-assemble/node_modules/assemble/lib/templates/assemblefile.js":{"path":"/home/travis/build/npmtest/node-npmtest-assemble/node_modules/assemble/lib/templates/assemblefile.js","s":{"1":1,"2":1,"3":1,"4":0,"5":0,"6":1},"b":{},"f":{"1":0},"fnMap":{"1":{"name":"(anonymous_1)","line":6,"loc":{"start":{"line":6,"column":20},"end":{"line":6,"column":31}}}},"statementMap":{"1":{"start":{"line":3,"column":0},"end":{"line":3,"column":35}},"2":{"start":{"line":4,"column":0},"end":{"line":4,"column":21}},"3":{"start":{"line":6,"column":0},"end":{"line":11,"column":3}},"4":{"start":{"line":7,"column":2},"end":{"line":7,"column":31}},"5":{"start":{"line":8,"column":2},"end":{"line":10,"column":28}},"6":{"start":{"line":13,"column":0},"end":{"line":13,"column":21}}},"branchMap":{},"code":["'use strict';","","var assemble = require('assemble');","var app = assemble();","","app.task('default', function() {","  app.pages('templates/*.hbs');","  return app.toStream('pages')","    .pipe(app.renderFile())","    .pipe(app.dest('dist'));","});","","module.exports = app;",""],"l":{"3":1,"4":1,"6":1,"7":0,"8":0,"13":1}}}